<?xml version="1.0" encoding="utf-8"?><testsuites name="pytest tests"><testsuite name="pytest" errors="0" failures="1" skipped="0" tests="525" time="46.385" timestamp="2025-09-10T22:18:32.214093-04:00" hostname="Philips-Mac-Studio.local"><testcase classname="tests.unit.holographic-memory.cpp.test_hwp_v4_operations" name="test_decode_hwp_v4_payload" time="0.251" /><testcase classname="tests.unit.router.test_router_comprehensive" name="test_format_selection_and_layers[1-a.txt-text/plain]" time="0.072" /><testcase classname="tests.unit.telemetry.test_telemetry_comprehensive" name="test_track_and_snapshot[Identity-100-50]" time="0.067" /><testcase classname="tests.unit.holographic-memory.test_memory_comprehensive" name="test_write_hwp_v4_micro_roundtrip[1]" time="0.066" /><testcase classname="tests.unit.math_core.test_threshold_calculator_comprehensive" name="test_tau_star_and_choose_format[None-64-linear]" time="0.067" /><testcase classname="tests.unit.orchestrator.test_orchestrator_comprehensive" name="test_store_content_formats[1-a.txt-text/plain]" time="0.294" /><testcase classname="tests.unit.math_core.test_dimension_optimizer_comprehensive" name="test_optimize_dimensions_budget_normalization[loads0-importance0-0]" time="0.067" /><testcase classname="tests.unit.holographic-memory.cpp.test_gpu_compression_pipeline" name="test_quantize_and_reconstruct" time="0.267" /><testcase classname="tests.unit.holographic-memory.cpp.test_7layer_system" name="test_initialize_and_layer_stats" time="0.252" /><testcase classname="tests.unit.router.test_mathematical_routing" name="test_routing_format_thresholds" time="0.076" /><testcase classname="tests.unit.math_core.test_dimension_optimizer_comprehensive" name="test_optimize_dimensions_budget_normalization[loads1-importance1-1024]" time="0.002" /><testcase classname="tests.unit.math_core.test_dimension_optimizer_comprehensive" name="test_optimize_dimensions_budget_normalization[loads2-importance2-1024]" time="0.002" /><testcase classname="tests.unit.math_core.test_dimension_optimizer_comprehensive" name="test_optimize_dimensions_budget_normalization[loads3-importance3-1024]" time="0.001" /><testcase classname="tests.unit.vault.test_vault_comprehensive" name="test_detect_secrets_patterns[API_KEY=xyz-True]" time="0.075" /><testcase classname="tests.unit.router.test_router_comprehensive" name="test_format_selection_and_layers[1-b.md-text/markdown]" time="0.004" /><testcase classname="tests.unit.router.test_router_comprehensive" name="test_format_selection_and_layers[1-c.pdf-application/pdf]" time="0.002" /><testcase classname="tests.unit.math_core.test_threshold_calculator_comprehensive" name="test_tau_star_and_choose_format[None-64-sublinear]" time="0.003" /><testcase classname="tests.unit.math_core.test_threshold_calculator_comprehensive" name="test_tau_star_and_choose_format[None-64-log]" time="0.002" /><testcase classname="tests.unit.math_core.test_threshold_calculator_comprehensive" name="test_tau_star_and_choose_format[None-64-step]" time="0.001" /><testcase classname="tests.unit.math_core.test_threshold_calculator_comprehensive" name="test_tau_star_and_choose_format[None-64-flat]" time="0.002" /><testcase classname="tests.unit.router.test_mathematical_routing" name="test_route_layers_balanced_weights" time="0.003" /><testcase classname="tests.unit.telemetry.test_telemetry_comprehensive" name="test_track_and_snapshot[Knowledge-200-100]" time="0.001" /><testcase classname="tests.unit.telemetry.test_telemetry_comprehensive" name="test_track_and_snapshot[Experience-300-150]" time="0.001" /><testcase classname="tests.unit.telemetry.test_telemetry_comprehensive" name="test_track_and_snapshot[Preference-400-200]" time="0.002" /><testcase classname="tests.unit.telemetry.test_telemetry_comprehensive" name="test_track_and_snapshot[Context-500-250]" time="0.002" /><testcase classname="tests.unit.telemetry.test_telemetry_comprehensive" name="test_track_and_snapshot[Wisdom-128-64]" time="0.001" /><testcase classname="tests.unit.vault.test_vault_comprehensive" name="test_detect_secrets_patterns[password=secret-True]" time="0.001" /><testcase classname="tests.unit.vault.test_vault_comprehensive" name="test_detect_secrets_patterns[no secrets here-False]" time="0.003" /><testcase classname="tests.unit.vault.test_vault_comprehensive" name="test_detect_secrets_patterns[ghp_aaaaaaaaaaaaaaaaaaaaaaaaaaaaaa-True]" time="0.001" /><testcase classname="tests.unit.vault.test_vault_comprehensive" name="test_detect_secrets_patterns[Bearer abc.def.ghi-True]" time="0.002" /><testcase classname="tests.unit.vault.test_vault_comprehensive" name="test_detect_secrets_patterns[user: name\nnotes: nothing to see-False]" time="0.001" /><testcase classname="tests.unit.vault.test_vault_comprehensive" name="test_detect_secrets_entropy[16]" time="0.001" /><testcase classname="tests.unit.telemetry.test_telemetry_comprehensive" name="test_track_and_snapshot[Vault-64-32]" time="0.001" /><testcase classname="tests.unit.telemetry.test_telemetry_comprehensive" name="test_track_and_snapshot[Identity-0-0]" time="0.003" /><testcase classname="tests.unit.telemetry.test_telemetry_comprehensive" name="test_track_and_snapshot[Context-123-0]" time="0.002" /><testcase classname="tests.unit.router.test_mathematical_routing" name="test_secret_content_routes_to_vault" time="0.003" /><testcase classname="tests.unit.math_core.test_threshold_calculator_comprehensive" name="test_tau_star_and_choose_format[None-64-custom]" time="0.001" /><testcase classname="tests.unit.math_core.test_threshold_calculator_comprehensive" name="test_tau_star_and_choose_format[None-128-linear]" time="0.001" /><testcase classname="tests.unit.math_core.test_threshold_calculator_comprehensive" name="test_tau_star_and_choose_format[None-128-sublinear]" time="0.001" /><testcase classname="tests.unit.math_core.test_threshold_calculator_comprehensive" name="test_tau_star_and_choose_format[None-128-log]" time="0.001" /><testcase classname="tests.unit.math_core.test_threshold_calculator_comprehensive" name="test_tau_star_and_choose_format[None-128-step]" time="0.001" /><testcase classname="tests.unit.math_core.test_threshold_calculator_comprehensive" name="test_tau_star_and_choose_format[None-128-flat]" time="0.001" /><testcase classname="tests.unit.math_core.test_threshold_calculator_comprehensive" name="test_tau_star_and_choose_format[None-128-custom]" time="0.001" /><testcase classname="tests.unit.math_core.test_threshold_calculator_comprehensive" name="test_tau_star_and_choose_format[None-192-linear]" time="0.001" /><testcase classname="tests.unit.holographic-memory.test_memory_comprehensive" name="test_write_hwp_v4_micro_roundtrip[2]" time="0.001" /><testcase classname="tests.unit.holographic-memory.test_memory_comprehensive" name="test_write_hwp_v4_micro_roundtrip[4]" time="0.001" /><testcase classname="tests.unit.holographic-memory.test_memory_comprehensive" name="test_write_hwp_v4_micro_roundtrip[8]" time="0.002" /><testcase classname="tests.unit.holographic-memory.test_memory_comprehensive" name="test_write_hwp_v4_micro_roundtrip[16]" time="0.002" /><testcase classname="tests.unit.holographic-memory.test_memory_comprehensive" name="test_write_hwp_v4_micro_roundtrip[32]" time="0.002" /><testcase classname="tests.unit.holographic-memory.test_memory_comprehensive" name="test_write_hwp_v4_micro_roundtrip[64]" time="0.002" /><testcase classname="tests.unit.holographic-memory.test_memory_comprehensive" name="test_write_hwp_v4_micro_k8_header[8]" time="0.002" /><testcase classname="tests.unit.holographic-memory.test_memory_comprehensive" name="test_write_hwp_v4_micro_k8_header[16]" time="0.001" /><testcase classname="tests.unit.holographic-memory.test_memory_comprehensive" name="test_write_hwp_v4_micro_k8_header[32]" time="0.001" /><testcase classname="tests.unit.holographic-memory.test_memory_comprehensive" name="test_write_hwp_v4_micro_k8_header[64]" time="0.001" /><testcase classname="tests.unit.holographic-memory.test_memory_comprehensive" name="test_write_hwp_v4_sparse_layers[1]" time="0.001"><failure message="AttributeError: '_io.BytesIO' object has no attribute 'parent'">tests/unit/holographic-memory/test_memory_comprehensive.py:80: in test_write_hwp_v4_sparse_layers
    write_hwp_v4(
services/holographic-memory/api/hwp_v4.py:166: in write_hwp_v4
    out_path.parent.mkdir(parents=True, exist_ok=True)
    ^^^^^^^^^^^^^^^
E   AttributeError: '_io.BytesIO' object has no attribute 'parent'</failure></testcase><testcase classname="tests.unit.holographic-memory.cpp.test_gpu_batch_operations" name="test_batch_encode_numpy_returns_per_item_vectors" time="0.298" /><testcase classname="tests.unit.math_core.test_dimension_optimizer_comprehensive" name="test_optimize_dimensions_budget_normalization[loads4-importance4-1024]" time="0.001" /><testcase classname="tests.unit.math_core.test_dimension_optimizer_comprehensive" name="test_optimize_dimensions_budget_normalization[loads5-importance5-777]" time="0.001" /><testcase classname="tests.unit.math_core.test_dimension_optimizer_comprehensive" name="test_optimize_dimensions_budget_normalization[loads6-importance6-9999]" time="0.001" /><testcase classname="tests.unit.math_core.test_dimension_optimizer_comprehensive" name="test_optimize_dimensions_budget_normalization[loads7-importance7-33]" time="0.003" /><testcase classname="tests.unit.math_core.test_dimension_optimizer_comprehensive" name="test_optimize_dimensions_budget_normalization[loads8-importance8-4096]" time="0.003" /><testcase classname="tests.unit.math_core.test_dimension_optimizer_comprehensive" name="test_optimize_dimensions_budget_normalization[loads9-importance9-1024]" time="0.001" /><testcase classname="tests.unit.math_core.test_dimension_optimizer_comprehensive" name="test_optimize_dimensions_floors[floors0-10]" time="0.001" /><testcase classname="tests.unit.math_core.test_dimension_optimizer_comprehensive" name="test_optimize_dimensions_floors[floors1-30]" time="0.003" /><testcase classname="tests.unit.math_core.test_dimension_optimizer_comprehensive" name="test_optimize_dimensions_floors[floors2-150]" time="0.002" /><testcase classname="tests.unit.vault.test_vault_comprehensive" name="test_detect_secrets_entropy[32]" time="0.001" /><testcase classname="tests.unit.vault.test_vault_comprehensive" name="test_detect_secrets_entropy[64]" time="0.002" /><testcase classname="tests.unit.vault.test_vault_comprehensive" name="test_detect_secrets_entropy[128]" time="0.002" /><testcase classname="tests.unit.vault.test_vault_comprehensive" name="test_detect_secrets_entropy[256]" time="0.001" /><testcase classname="tests.unit.vault.test_vault_comprehensive" name="test_detect_secrets_entropy[512]" time="0.001" /><testcase classname="tests.unit.math_core.test_dimension_optimizer_comprehensive" name="test_optimize_dimensions_floors[floors3-97]" time="0.002" /><testcase classname="tests.unit.router.test_router_comprehensive" name="test_format_selection_and_layers[1-d.csv-text/csv]" time="0.001" /><testcase classname="tests.unit.router.test_router_comprehensive" name="test_format_selection_and_layers[1-e.json-application/json]" time="0.002" /><testcase classname="tests.unit.router.test_router_comprehensive" name="test_format_selection_and_layers[1-f.yaml-application/x-yaml]" time="0.001" /><testcase classname="tests.unit.router.test_router_comprehensive" name="test_format_selection_and_layers[1-g.jpg-image/jpeg]" time="0.001" /><testcase classname="tests.unit.router.test_router_comprehensive" name="test_format_selection_and_layers[1-h.png-image/png]" time="0.001" /><testcase classname="tests.unit.router.test_router_comprehensive" name="test_format_selection_and_layers[1-i.ini-text/plain]" time="0.004" /><testcase classname="tests.unit.router.test_router_comprehensive" name="test_format_selection_and_layers[1-j.toml-text/plain]" time="0.002" /><testcase classname="tests.unit.router.test_router_comprehensive" name="test_format_selection_and_layers[1-k.log-text/plain]" time="0.001" /><testcase classname="tests.unit.router.test_router_comprehensive" name="test_format_selection_and_layers[1-l.rtf-application/rtf]" time="0.001" /><testcase classname="tests.unit.router.test_router_comprehensive" name="test_format_selection_and_layers[1-m.tex-text/plain]" time="0.001" /><testcase classname="tests.unit.router.test_router_comprehensive" name="test_format_selection_and_layers[1-n.tsv-text/tab-separated-values]" time="0.001" /><testcase classname="tests.unit.router.test_router_comprehensive" name="test_format_selection_and_layers[1-o.bmp-image/bmp]" time="0.003" /><testcase classname="tests.unit.vault.test_vault_comprehensive" name="test_detect_secrets_entropy[1024]" time="0.002" /><testcase classname="tests.unit.telemetry.test_telemetry_comprehensive" name="test_track_and_snapshot[Preference-0-123]" time="0.004" /><testcase classname="tests.unit.telemetry.test_telemetry_comprehensive" name="test_suggest_rebalancing[loads0-importance0-64]" time="0.001" /><testcase classname="tests.unit.telemetry.test_telemetry_comprehensive" name="test_suggest_rebalancing[loads1-importance1-1024]" time="0.001" /><testcase classname="tests.unit.telemetry.test_telemetry_comprehensive" name="test_suggest_rebalancing[loads2-importance2-333]" time="0.002" /><testcase classname="tests.unit.math_core.test_dimension_optimizer_comprehensive" name="test_optimize_dimensions_floors[floors4-0]" time="0.004" /><testcase classname="tests.unit.dashboard.test_web_interface" name="test_dashboard_static_index_exists" time="0.001" /><testcase classname="tests.unit.holographic-memory.cpp.test_gpu_performance_metrics" name="test_metrics_and_last_metrics_expose_core_fields" time="0.180" /><testcase classname="tests.unit.telemetry.test_telemetry_comprehensive" name="test_suggest_rebalancing[loads3-importance3-11]" time="0.005" /><testcase classname="tests.unit.router.test_router_comprehensive" name="test_format_selection_and_layers[1-p.tiff-image/tiff]" time="0.002" /><testcase classname="tests.unit.router.test_router_comprehensive" name="test_format_selection_and_layers[1-q.doc-application/msword]" time="0.002" /><testcase classname="tests.unit.router.test_router_comprehensive" name="test_format_selection_and_layers[1-r.docx-application/vnd.openxmlformats-officedocument.wordprocessingml.document]" time="0.002" /><testcase classname="tests.unit.math_core.test_dimension_optimizer_comprehensive" name="test_optimize_dimensions_floors[floors5-2]" time="0.001" /><testcase classname="tests.unit.math_core.test_dimension_optimizer_comprehensive" name="test_relative_allocation_trends[importance0]" time="0.001" /><testcase classname="tests.unit.math_core.test_dimension_optimizer_comprehensive" name="test_relative_allocation_trends[importance1]" time="0.002" /><testcase classname="tests.unit.math_core.test_dimension_optimizer_comprehensive" name="test_relative_allocation_trends[importance2]" time="0.001" /><testcase classname="tests.unit.router.test_router_comprehensive" name="test_format_selection_and_layers[1-s.xml-application/xml]" time="0.001" /><testcase classname="tests.unit.telemetry.test_telemetry_comprehensive" name="test_multiple_track_entries[entries0]" time="0.001" /><testcase classname="tests.unit.telemetry.test_telemetry_comprehensive" name="test_multiple_track_entries[entries1]" time="0.001" /><testcase classname="tests.unit.telemetry.test_telemetry_comprehensive" name="test_multiple_track_entries[entries2]" time="0.001" /><testcase classname="tests.unit.telemetry.test_telemetry_comprehensive" name="test_multiple_track_entries[entries3]" time="0.001" /><testcase classname="tests.unit.telemetry.test_telemetry_comprehensive" name="test_multiple_track_entries[entries4]" time="0.001" /><testcase classname="tests.unit.telemetry.test_telemetry_comprehensive" name="test_multiple_track_entries[entries5]" time="0.002" /><testcase classname="tests.unit.router.test_router_comprehensive" name="test_format_selection_and_layers[1-t.html-text/html]" time="0.001" /><testcase classname="tests.unit.router.test_router_comprehensive" name="test_format_selection_and_layers[64-a.txt-text/plain]" time="0.001" /><testcase classname="tests.unit.math_core.test_dimension_optimizer_comprehensive" name="test_relative_allocation_trends[importance3]" time="0.002" /><testcase classname="tests.unit.math_core.test_dimension_optimizer_comprehensive" name="test_relative_allocation_trends[importance4]" time="0.001" /><testcase classname="tests.unit.math_core.test_threshold_calculator_comprehensive" name="test_tau_star_and_choose_format[None-192-sublinear]" time="0.001" /><testcase classname="tests.unit.math_core.test_threshold_calculator_comprehensive" name="test_tau_star_and_choose_format[None-192-log]" time="0.001" /><testcase classname="tests.unit.math_core.test_threshold_calculator_comprehensive" name="test_tau_star_and_choose_format[None-192-step]" time="0.003" /><testcase classname="tests.unit.math_core.test_threshold_calculator_comprehensive" name="test_tau_star_and_choose_format[None-192-flat]" time="0.001" /><testcase classname="tests.unit.math_core.test_threshold_calculator_comprehensive" name="test_tau_star_and_choose_format[None-192-custom]" time="0.001" /><testcase classname="tests.unit.math_core.test_threshold_calculator_comprehensive" name="test_tau_star_and_choose_format[None-256-linear]" time="0.001" /><testcase classname="tests.unit.math_core.test_threshold_calculator_comprehensive" name="test_tau_star_and_choose_format[None-256-sublinear]" time="0.003" /><testcase classname="tests.unit.math_core.test_threshold_calculator_comprehensive" name="test_tau_star_and_choose_format[None-256-log]" time="0.003" /><testcase classname="tests.unit.math_core.test_threshold_calculator_comprehensive" name="test_tau_star_and_choose_format[None-256-step]" time="0.001" /><testcase classname="tests.unit.math_core.test_threshold_calculator_comprehensive" name="test_tau_star_and_choose_format[None-256-flat]" time="0.001" /><testcase classname="tests.unit.math_core.test_threshold_calculator_comprehensive" name="test_tau_star_and_choose_format[None-256-custom]" time="0.001" /><testcase classname="tests.unit.math_core.test_threshold_calculator_comprehensive" name="test_tau_star_and_choose_format[None-512-linear]" time="0.001" /><testcase classname="tests.unit.math_core.test_threshold_calculator_comprehensive" name="test_tau_star_and_choose_format[None-512-sublinear]" time="0.002" /><testcase classname="tests.unit.router.test_router_comprehensive" name="test_format_selection_and_layers[64-b.md-text/markdown]" time="0.002" /><testcase classname="tests.unit.math_core.test_dimension_optimizer_comprehensive" name="test_relative_allocation_trends[importance5]" time="0.001" /><testcase classname="tests.unit.router.test_router_comprehensive" name="test_format_selection_and_layers[64-c.pdf-application/pdf]" time="0.001" /><testcase classname="tests.unit.math_core.test_threshold_calculator_comprehensive" name="test_tau_star_and_choose_format[None-512-log]" time="0.001" /><testcase classname="tests.unit.vault.test_vault_comprehensive" name="test_vault_id_uniqueness_and_format" time="0.002" /><testcase classname="tests.unit.math_core.test_threshold_calculator_comprehensive" name="test_tau_star_and_choose_format[None-512-step]" time="0.001" /><testcase classname="tests.unit.math_core.test_threshold_calculator_comprehensive" name="test_tau_star_and_choose_format[None-512-flat]" time="0.001" /><testcase classname="tests.unit.math_core.test_threshold_calculator_comprehensive" name="test_tau_star_and_choose_format[None-512-custom]" time="0.001" /><testcase classname="tests.unit.router.test_router_comprehensive" name="test_format_selection_and_layers[64-d.csv-text/csv]" time="0.002" /><testcase classname="tests.unit.router.test_router_comprehensive" name="test_format_selection_and_layers[64-e.json-application/json]" time="0.001" /><testcase classname="tests.unit.router.test_router_comprehensive" name="test_format_selection_and_layers[64-f.yaml-application/x-yaml]" time="0.001" /><testcase classname="tests.unit.router.test_router_comprehensive" name="test_format_selection_and_layers[64-g.jpg-image/jpeg]" time="0.002" /><testcase classname="tests.unit.math_core.test_threshold_calculator_comprehensive" name="test_tau_star_and_choose_format[80-64-linear]" time="0.001" /><testcase classname="tests.unit.math_core.test_threshold_calculator_comprehensive" name="test_tau_star_and_choose_format[80-64-sublinear]" time="0.001" /><testcase classname="tests.unit.telemetry.test_telemetry_comprehensive" name="test_multiple_track_entries[entries6]" time="0.002" /><testcase classname="tests.unit.router.test_router_comprehensive" name="test_format_selection_and_layers[64-h.png-image/png]" time="0.002" /><testcase classname="tests.unit.router.test_router_comprehensive" name="test_format_selection_and_layers[64-i.ini-text/plain]" time="0.002" /><testcase classname="tests.unit.router.test_router_comprehensive" name="test_format_selection_and_layers[64-j.toml-text/plain]" time="0.001" /><testcase classname="tests.unit.router.test_router_comprehensive" name="test_format_selection_and_layers[64-k.log-text/plain]" time="0.003" /><testcase classname="tests.unit.router.test_router_comprehensive" name="test_format_selection_and_layers[64-l.rtf-application/rtf]" time="0.002" /><testcase classname="tests.unit.math_core.test_threshold_calculator_comprehensive" name="test_tau_star_and_choose_format[80-64-log]" time="0.001" /><testcase classname="tests.unit.math_core.test_threshold_calculator_comprehensive" name="test_tau_star_and_choose_format[80-64-step]" time="0.001" /><testcase classname="tests.unit.math_core.test_threshold_calculator_comprehensive" name="test_tau_star_and_choose_format[80-64-flat]" time="0.002" /><testcase classname="tests.unit.math_core.test_threshold_calculator_comprehensive" name="test_tau_star_and_choose_format[80-64-custom]" time="0.002" /><testcase classname="tests.unit.math_core.test_threshold_calculator_comprehensive" name="test_tau_star_and_choose_format[80-128-linear]" time="0.002" /><testcase classname="tests.unit.math_core.test_threshold_calculator_comprehensive" name="test_tau_star_and_choose_format[80-128-sublinear]" time="0.001" /><testcase classname="tests.unit.math_core.test_dimension_optimizer_comprehensive" name="test_relative_allocation_trends[importance6]" time="0.001" /><testcase classname="tests.unit.router.test_router_comprehensive" name="test_format_selection_and_layers[64-m.tex-text/plain]" time="0.001" /><testcase classname="tests.unit.router.test_router_comprehensive" name="test_format_selection_and_layers[64-n.tsv-text/tab-separated-values]" time="0.001" /><testcase classname="tests.unit.math_core.test_threshold_calculator_comprehensive" name="test_tau_star_and_choose_format[80-128-log]" time="0.002" /><testcase classname="tests.unit.math_core.test_dimension_optimizer_comprehensive" name="test_relative_allocation_trends[importance7]" time="0.001" /><testcase classname="tests.unit.math_core.test_dimension_optimizer_comprehensive" name="test_relative_allocation_trends[importance8]" time="0.001" /><testcase classname="tests.unit.math_core.test_dimension_optimizer_comprehensive" name="test_relative_allocation_trends[importance9]" time="0.001" /><testcase classname="tests.unit.math_core.test_dimension_optimizer_comprehensive" name="test_normalization_exact_sum[1]" time="0.001" /><testcase classname="tests.unit.router.test_router_comprehensive" name="test_format_selection_and_layers[64-o.bmp-image/bmp]" time="0.001" /><testcase classname="tests.unit.router.test_router_comprehensive" name="test_format_selection_and_layers[64-p.tiff-image/tiff]" time="0.001" /><testcase classname="tests.unit.holographic-memory.test_gpu_acceleration" name="test_gpu_platform_discovery" time="0.112" /><testcase classname="tests.unit.math_core.test_dimension_optimizer_comprehensive" name="test_normalization_exact_sum[2]" time="0.002" /><testcase classname="tests.unit.math_core.test_dimension_optimizer_comprehensive" name="test_normalization_exact_sum[3]" time="0.001" /><testcase classname="tests.unit.math_core.test_dimension_optimizer_comprehensive" name="test_normalization_exact_sum[5]" time="0.002" /><testcase classname="tests.unit.math_core.test_dimension_optimizer_comprehensive" name="test_normalization_exact_sum[10]" time="0.001" /><testcase classname="tests.unit.math_core.test_dimension_optimizer_comprehensive" name="test_normalization_exact_sum[33]" time="0.001" /><testcase classname="tests.unit.math_core.test_dimension_optimizer_comprehensive" name="test_normalization_exact_sum[64]" time="0.001" /><testcase classname="tests.unit.math_core.test_dimension_optimizer_comprehensive" name="test_normalization_exact_sum[127]" time="0.001" /><testcase classname="tests.unit.math_core.test_dimension_optimizer_comprehensive" name="test_normalization_exact_sum[255]" time="0.003" /><testcase classname="tests.unit.math_core.test_dimension_optimizer_comprehensive" name="test_normalization_exact_sum[1024]" time="0.001" /><testcase classname="tests.unit.math_core.test_dimension_optimizer_comprehensive" name="test_normalization_exact_sum[2048]" time="0.001" /><testcase classname="tests.unit.math_core.test_dimension_optimizer_comprehensive" name="test_normalization_exact_sum[4096]" time="0.001" /><testcase classname="tests.unit.math_core.test_dimension_optimizer_comprehensive" name="test_extreme_loads_stable[loads0]" time="0.001" /><testcase classname="tests.unit.math_core.test_threshold_calculator_comprehensive" name="test_tau_star_and_choose_format[80-128-step]" time="0.002" /><testcase classname="tests.unit.math_core.test_threshold_calculator_comprehensive" name="test_tau_star_and_choose_format[80-128-flat]" time="0.002" /><testcase classname="tests.unit.math_core.test_threshold_calculator_comprehensive" name="test_tau_star_and_choose_format[80-128-custom]" time="0.001" /><testcase classname="tests.unit.router.test_router_comprehensive" name="test_format_selection_and_layers[64-q.doc-application/msword]" time="0.003" /><testcase classname="tests.unit.router.test_router_comprehensive" name="test_format_selection_and_layers[64-r.docx-application/vnd.openxmlformats-officedocument.wordprocessingml.document]" time="0.002" /><testcase classname="tests.unit.router.test_router_comprehensive" name="test_format_selection_and_layers[64-s.xml-application/xml]" time="0.002" /><testcase classname="tests.unit.router.test_router_comprehensive" name="test_format_selection_and_layers[64-t.html-text/html]" time="0.002" /><testcase classname="tests.unit.math_core.test_dimension_optimizer_comprehensive" name="test_extreme_loads_stable[loads1]" time="0.001" /><testcase classname="tests.unit.math_core.test_dimension_optimizer_comprehensive" name="test_extreme_loads_stable[loads2]" time="0.001" /><testcase classname="tests.unit.math_core.test_dimension_optimizer_comprehensive" name="test_extreme_loads_stable[loads3]" time="0.001" /><testcase classname="tests.unit.math_core.test_dimension_optimizer_comprehensive" name="test_extreme_loads_stable[loads4]" time="0.001" /><testcase classname="tests.unit.math_core.test_dimension_optimizer_comprehensive" name="test_extreme_loads_stable[loads5]" time="0.001" /><testcase classname="tests.unit.math_core.test_dimension_optimizer_comprehensive" name="test_extreme_loads_stable[loads6]" time="0.001" /><testcase classname="tests.unit.math_core.test_threshold_calculator_comprehensive" name="test_tau_star_and_choose_format[80-192-linear]" time="0.001" /><testcase classname="tests.unit.math_core.test_threshold_calculator_comprehensive" name="test_tau_star_and_choose_format[80-192-sublinear]" time="0.002" /><testcase classname="tests.unit.math_core.test_threshold_calculator_comprehensive" name="test_tau_star_and_choose_format[80-192-log]" time="0.001" /><testcase classname="tests.unit.math_core.test_threshold_calculator_comprehensive" name="test_tau_star_and_choose_format[80-192-step]" time="0.001" /><testcase classname="tests.unit.math_core.test_threshold_calculator_comprehensive" name="test_tau_star_and_choose_format[80-192-flat]" time="0.001" /><testcase classname="tests.unit.router.test_router_comprehensive" name="test_format_selection_and_layers[128-a.txt-text/plain]" time="0.001" /><testcase classname="tests.unit.math_core.test_dimension_optimizer_comprehensive" name="test_extreme_loads_stable[loads7]" time="0.006" /><testcase classname="tests.unit.router.test_router_comprehensive" name="test_format_selection_and_layers[128-b.md-text/markdown]" time="0.006" /><testcase classname="tests.unit.math_core.test_threshold_calculator_comprehensive" name="test_tau_star_and_choose_format[80-192-custom]" time="0.005" /><testcase classname="tests.unit.router.test_router_comprehensive" name="test_format_selection_and_layers[128-c.pdf-application/pdf]" time="0.001" /><testcase classname="tests.unit.math_core.test_threshold_calculator_comprehensive" name="test_tau_star_and_choose_format[80-256-linear]" time="0.001" /><testcase classname="tests.unit.math_core.test_dimension_optimizer_comprehensive" name="test_extreme_loads_stable[loads8]" time="0.001" /><testcase classname="tests.unit.math_core.test_threshold_calculator_comprehensive" name="test_tau_star_and_choose_format[80-256-sublinear]" time="0.002" /><testcase classname="tests.unit.router.test_router_comprehensive" name="test_format_selection_and_layers[128-d.csv-text/csv]" time="0.003" /><testcase classname="tests.unit.math_core.test_dimension_optimizer_comprehensive" name="test_extreme_loads_stable[loads9]" time="0.003" /><testcase classname="tests.unit.router.test_router_comprehensive" name="test_format_selection_and_layers[128-e.json-application/json]" time="0.002" /><testcase classname="tests.unit.math_core.test_threshold_calculator_comprehensive" name="test_tau_star_and_choose_format[80-256-log]" time="0.002" /><testcase classname="tests.unit.router.test_router_comprehensive" name="test_format_selection_and_layers[128-f.yaml-application/x-yaml]" time="0.001" /><testcase classname="tests.unit.router.test_router_comprehensive" name="test_format_selection_and_layers[128-g.jpg-image/jpeg]" time="0.003" /><testcase classname="tests.unit.math_core.test_threshold_calculator_comprehensive" name="test_tau_star_and_choose_format[80-256-step]" time="0.001" /><testcase classname="tests.unit.math_core.test_threshold_calculator_comprehensive" name="test_tau_star_and_choose_format[80-256-flat]" time="0.002" /><testcase classname="tests.unit.math_core.test_threshold_calculator_comprehensive" name="test_tau_star_and_choose_format[80-256-custom]" time="0.002" /><testcase classname="tests.unit.router.test_router_comprehensive" name="test_format_selection_and_layers[128-h.png-image/png]" time="0.002" /><testcase classname="tests.unit.router.test_router_comprehensive" name="test_format_selection_and_layers[128-i.ini-text/plain]" time="0.002" /><testcase classname="tests.unit.math_core.test_threshold_calculator_comprehensive" name="test_tau_star_and_choose_format[80-512-linear]" time="0.002" /><testcase classname="tests.unit.router.test_router_comprehensive" name="test_format_selection_and_layers[128-j.toml-text/plain]" time="0.002" /><testcase classname="tests.unit.math_core.test_threshold_calculator_comprehensive" name="test_tau_star_and_choose_format[80-512-sublinear]" time="0.001" /><testcase classname="tests.unit.math_core.test_threshold_calculator_comprehensive" name="test_tau_star_and_choose_format[80-512-log]" time="0.001" /><testcase classname="tests.unit.router.test_router_comprehensive" name="test_format_selection_and_layers[128-k.log-text/plain]" time="0.002" /><testcase classname="tests.unit.router.test_router_comprehensive" name="test_format_selection_and_layers[128-l.rtf-application/rtf]" time="0.002" /><testcase classname="tests.unit.math_core.test_threshold_calculator_comprehensive" name="test_tau_star_and_choose_format[80-512-step]" time="0.001" /><testcase classname="tests.unit.router.test_router_comprehensive" name="test_format_selection_and_layers[128-m.tex-text/plain]" time="0.002" /><testcase classname="tests.unit.math_core.test_threshold_calculator_comprehensive" name="test_tau_star_and_choose_format[80-512-flat]" time="0.002" /><testcase classname="tests.unit.router.test_router_comprehensive" name="test_format_selection_and_layers[128-n.tsv-text/tab-separated-values]" time="0.002" /><testcase classname="tests.unit.math_core.test_threshold_calculator_comprehensive" name="test_tau_star_and_choose_format[80-512-custom]" time="0.002" /><testcase classname="tests.unit.router.test_router_comprehensive" name="test_format_selection_and_layers[128-o.bmp-image/bmp]" time="0.002" /><testcase classname="tests.unit.math_core.test_threshold_calculator_comprehensive" name="test_tau_star_and_choose_format[96-64-linear]" time="0.002" /><testcase classname="tests.unit.router.test_router_comprehensive" name="test_format_selection_and_layers[128-p.tiff-image/tiff]" time="0.001" /><testcase classname="tests.unit.math_core.test_threshold_calculator_comprehensive" name="test_tau_star_and_choose_format[96-64-sublinear]" time="0.001" /><testcase classname="tests.unit.router.test_router_comprehensive" name="test_format_selection_and_layers[128-q.doc-application/msword]" time="0.001" /><testcase classname="tests.unit.math_core.test_threshold_calculator_comprehensive" name="test_tau_star_and_choose_format[96-64-log]" time="0.001" /><testcase classname="tests.unit.router.test_router_comprehensive" name="test_format_selection_and_layers[128-r.docx-application/vnd.openxmlformats-officedocument.wordprocessingml.document]" time="0.001" /><testcase classname="tests.unit.math_core.test_threshold_calculator_comprehensive" name="test_tau_star_and_choose_format[96-64-step]" time="0.001" /><testcase classname="tests.unit.router.test_router_comprehensive" name="test_format_selection_and_layers[128-s.xml-application/xml]" time="0.002" /><testcase classname="tests.unit.math_core.test_threshold_calculator_comprehensive" name="test_tau_star_and_choose_format[96-64-flat]" time="0.002" /><testcase classname="tests.unit.router.test_router_comprehensive" name="test_format_selection_and_layers[128-t.html-text/html]" time="0.001" /><testcase classname="tests.unit.math_core.test_threshold_calculator_comprehensive" name="test_tau_star_and_choose_format[96-64-custom]" time="0.001" /><testcase classname="tests.unit.math_core.test_threshold_calculator_comprehensive" name="test_tau_star_and_choose_format[96-128-linear]" time="0.001" /><testcase classname="tests.unit.router.test_router_comprehensive" name="test_format_selection_and_layers[256-a.txt-text/plain]" time="0.003" /><testcase classname="tests.unit.math_core.test_threshold_calculator_comprehensive" name="test_tau_star_and_choose_format[96-128-sublinear]" time="0.002" /><testcase classname="tests.unit.router.test_router_comprehensive" name="test_format_selection_and_layers[256-b.md-text/markdown]" time="0.003" /><testcase classname="tests.unit.math_core.test_threshold_calculator_comprehensive" name="test_tau_star_and_choose_format[96-128-log]" time="0.003" /><testcase classname="tests.unit.router.test_router_comprehensive" name="test_format_selection_and_layers[256-c.pdf-application/pdf]" time="0.003" /><testcase classname="tests.unit.math_core.test_threshold_calculator_comprehensive" name="test_tau_star_and_choose_format[96-128-step]" time="0.001" /><testcase classname="tests.unit.router.test_router_comprehensive" name="test_format_selection_and_layers[256-d.csv-text/csv]" time="0.002" /><testcase classname="tests.unit.math_core.test_threshold_calculator_comprehensive" name="test_tau_star_and_choose_format[96-128-flat]" time="0.001" /><testcase classname="tests.unit.math_core.test_threshold_calculator_comprehensive" name="test_tau_star_and_choose_format[96-128-custom]" time="0.003" /><testcase time="0.001" /><testcase classname="tests.unit.holographic-memory.cpp.test_7layer_system" name="test_optimize_and_snr_paths" time="0.006" /><testcase classname="tests.unit.holographic-memory.cpp.test_hwp_v4_operations" name="test_retrieve_bytes_from_microk8" time="0.006" /><testcase classname="tests.unit.math_core.test_threshold_calculator_comprehensive" name="test_tau_star_and_choose_format[96-192-linear]" time="0.003" /><testcase classname="tests.unit.router.test_router_comprehensive" name="test_format_selection_and_layers[256-e.json-application/json]" time="0.011" /><testcase classname="tests.unit.vault.test_security_guard" name="test_detect_secrets_patterns" time="0.007" /><testcase classname="tests.unit.holographic-memory.test_core_engine" name="test_calculate_optimal_dimension_thresholds" time="0.010" /><testcase classname="tests.unit.math_core.test_threshold_calculator_comprehensive" name="test_tau_star_and_choose_format[96-192-sublinear]" time="0.002" /><testcase classname="tests.unit.router.test_router_comprehensive" name="test_format_selection_and_layers[256-f.yaml-application/x-yaml]" time="0.003" /><testcase classname="tests.unit.router.test_router_comprehensive" name="test_format_selection_and_layers[256-g.jpg-image/jpeg]" time="0.002" /><testcase classname="tests.unit.router.test_router_comprehensive" name="test_format_selection_and_layers[256-h.png-image/png]" time="0.002" /><testcase classname="tests.unit.math_core.test_threshold_calculator_comprehensive" name="test_tau_star_and_choose_format[96-192-log]" time="0.002" /><testcase classname="tests.unit.math_core.test_threshold_calculator_comprehensive" name="test_tau_star_and_choose_format[96-192-step]" time="0.001" /><testcase classname="tests.unit.vault.test_security_guard" name="test_generate_vault_id_uniqueness" time="0.003" /><testcase classname="tests.unit.holographic-memory.test_core_engine" name="test_get_wave_data_from_bytes_shapes" time="0.018" /><testcase classname="tests.unit.math_core.test_threshold_calculator_comprehensive" name="test_tau_star_and_choose_format[96-192-flat]" time="0.001" /><testcase classname="tests.unit.holographic-memory.cpp.test_gpu_compression_pipeline" name="test_quantization_statistics" time="0.017" /><testcase classname="tests.unit.math_core.test_threshold_calculator_comprehensive" name="test_tau_star_and_choose_format[96-192-custom]" time="0.001" /><testcase classname="tests.unit.math_core.test_threshold_calculator_comprehensive" name="test_tau_star_and_choose_format[96-256-linear]" time="0.001" /><testcase classname="tests.unit.math_core.test_threshold_calculator_comprehensive" name="test_tau_star_and_choose_format[96-256-sublinear]" time="0.002" /><testcase classname="tests.unit.router.test_router_comprehensive" name="test_format_selection_and_layers[256-i.ini-text/plain]" time="0.011" /><testcase classname="tests.unit.orchestrator.test_orchestrator_core" name="test_store_and_retrieve_roundtrip" time="0.053" /><testcase classname="tests.unit.router.test_router_comprehensive" name="test_format_selection_and_layers[256-j.toml-text/plain]" time="0.004" /><testcase classname="tests.unit.math_core.test_threshold_calculator_comprehensive" name="test_tau_star_and_choose_format[96-256-log]" time="0.012" /><testcase classname="tests.unit.orchestrator.test_orchestrator_comprehensive" name="test_store_content_formats[100-b.md-text/markdown]" time="0.037" /><testcase classname="tests.unit.router.test_router_comprehensive" name="test_format_selection_and_layers[256-k.log-text/plain]" time="0.003" /><testcase classname="tests.unit.router.test_router_comprehensive" name="test_format_selection_and_layers[256-l.rtf-application/rtf]" time="0.002" /><testcase classname="tests.unit.holographic-memory.cpp.test_mathematical_validation" name="test_wave_and_interference_and_bell_and_capacity" time="0.007" /><testcase classname="tests.unit.math_core.test_threshold_calculator_comprehensive" name="test_tau_star_and_choose_format[96-256-step]" time="0.002" /><testcase classname="tests.unit.holographic-memory.cpp.test_gpu_batch_operations" name="test_batch_encode_python_list_roundtrip_shape" time="0.012" /><testcase classname="tests.unit.router.test_router_comprehensive" name="test_format_selection_and_layers[256-m.tex-text/plain]" time="0.003" /><testcase classname="tests.unit.math_core.test_threshold_calculator_comprehensive" name="test_tau_star_and_choose_format[96-256-flat]" time="0.002" /><testcase classname="tests.unit.router.test_router_comprehensive" name="test_format_selection_and_layers[256-n.tsv-text/tab-separated-values]" time="0.003" /><testcase classname="tests.unit.math_core.test_threshold_calculator_comprehensive" name="test_tau_star_and_choose_format[96-256-custom]" time="0.002" /><testcase classname="tests.unit.telemetry.test_performance_tracker" name="test_telemetry_ratios_and_snapshot" time="0.007" /><testcase classname="tests.unit.router.test_router_comprehensive" name="test_format_selection_and_layers[256-o.bmp-image/bmp]" time="0.002" /><testcase classname="tests.unit.math_core.test_threshold_calculator_comprehensive" name="test_tau_star_and_choose_format[96-512-linear]" time="0.003" /><testcase classname="tests.unit.router.test_router_comprehensive" name="test_format_selection_and_layers[256-p.tiff-image/tiff]" time="0.002" /><testcase classname="tests.unit.math_core.test_threshold_calculator_comprehensive" name="test_tau_star_and_choose_format[96-512-sublinear]" time="0.001" /><testcase classname="tests.unit.router.test_router_comprehensive" name="test_format_selection_and_layers[256-q.doc-application/msword]" time="0.002" /><testcase classname="tests.unit.math_core.test_threshold_calculator_comprehensive" name="test_tau_star_and_choose_format[96-512-log]" time="0.002" /><testcase classname="tests.unit.orchestrator.test_failure_handling" name="test_vault_storage_path_on_secret" time="5.141" /><testcase classname="tests.unit.math_core.test_threshold_calculator_comprehensive" name="test_tau_star_and_choose_format[96-512-step]" time="0.002" /><testcase classname="tests.unit.router.test_router_comprehensive" name="test_format_selection_and_layers[256-r.docx-application/vnd.openxmlformats-officedocument.wordprocessingml.document]" time="0.005" /><testcase classname="tests.unit.math_core.test_threshold_calculator_comprehensive" name="test_tau_star_and_choose_format[96-512-flat]" time="0.003" /><testcase classname="tests.unit.math_core.test_threshold_calculator_comprehensive" name="test_tau_star_and_choose_format[96-512-custom]" time="0.003" /><testcase classname="tests.unit.router.test_router_comprehensive" name="test_format_selection_and_layers[256-s.xml-application/xml]" time="0.002" /><testcase classname="tests.unit.router.test_router_comprehensive" name="test_format_selection_and_layers[256-t.html-text/html]" time="0.002" /><testcase classname="tests.unit.math_core.test_threshold_calculator_comprehensive" name="test_tau_star_and_choose_format[160-64-linear]" time="0.002" /><testcase classname="tests.unit.orchestrator.test_orchestrator_comprehensive" name="test_store_content_formats[256-c.cfg-text/plain]" time="0.065" /><testcase classname="tests.unit.router.test_router_comprehensive" name="test_format_selection_and_layers[600-a.txt-text/plain]" time="0.002" /><testcase classname="tests.unit.math_core.test_threshold_calculator_comprehensive" name="test_tau_star_and_choose_format[160-64-sublinear]" time="0.002" /><testcase classname="tests.unit.math_core.test_threshold_calculator_comprehensive" name="test_tau_star_and_choose_format[160-64-log]" time="0.001" /><testcase classname="tests.unit.router.test_router_comprehensive" name="test_format_selection_and_layers[600-b.md-text/markdown]" time="0.002" /><testcase classname="tests.unit.router.test_router_comprehensive" name="test_format_selection_and_layers[600-c.pdf-application/pdf]" time="0.003" /><testcase classname="tests.unit.math_core.test_threshold_calculator_comprehensive" name="test_tau_star_and_choose_format[160-64-step]" time="0.002" /><testcase classname="tests.unit.orchestrator.test_orchestrator_core" name="test_get_system_status_contains_expected_keys" time="5.110" /><testcase classname="tests.unit.math_core.test_threshold_calculator_comprehensive" name="test_tau_star_and_choose_format[160-64-flat]" time="0.002" /><testcase classname="tests.unit.router.test_router_comprehensive" name="test_format_selection_and_layers[600-d.csv-text/csv]" time="0.002" /><testcase classname="tests.unit.math_core.test_threshold_calculator_comprehensive" name="test_tau_star_and_choose_format[160-64-custom]" time="0.002" /><testcase classname="tests.unit.router.test_router_comprehensive" name="test_format_selection_and_layers[600-e.json-application/json]" time="0.002" /><testcase classname="tests.unit.math_core.test_threshold_calculator_comprehensive" name="test_tau_star_and_choose_format[160-128-linear]" time="0.002" /><testcase classname="tests.unit.router.test_router_comprehensive" name="test_format_selection_and_layers[600-f.yaml-application/x-yaml]" time="0.003" /><testcase classname="tests.unit.math_core.test_threshold_calculator_comprehensive" name="test_tau_star_and_choose_format[160-128-sublinear]" time="0.002" /><testcase classname="tests.unit.math_core.test_threshold_calculator_comprehensive" name="test_tau_star_and_choose_format[160-128-log]" time="0.001" /><testcase classname="tests.unit.router.test_router_comprehensive" name="test_format_selection_and_layers[600-g.jpg-image/jpeg]" time="0.004" /><testcase classname="tests.unit.math_core.test_threshold_calculator_comprehensive" name="test_tau_star_and_choose_format[160-128-step]" time="0.001" /><testcase classname="tests.unit.router.test_router_comprehensive" name="test_format_selection_and_layers[600-h.png-image/png]" time="0.002" /><testcase classname="tests.unit.math_core.test_threshold_calculator_comprehensive" name="test_tau_star_and_choose_format[160-128-flat]" time="0.002" /><testcase classname="tests.unit.math_core.test_threshold_calculator_comprehensive" name="test_tau_star_and_choose_format[160-128-custom]" time="0.001" /><testcase classname="tests.unit.router.test_router_comprehensive" name="test_format_selection_and_layers[600-i.ini-text/plain]" time="0.002" /><testcase classname="tests.unit.math_core.test_threshold_calculator_comprehensive" name="test_tau_star_and_choose_format[160-192-linear]" time="0.001" /><testcase classname="tests.unit.router.test_router_comprehensive" name="test_format_selection_and_layers[600-j.toml-text/plain]" time="0.002" /><testcase classname="tests.unit.math_core.test_threshold_calculator_comprehensive" name="test_tau_star_and_choose_format[160-192-sublinear]" time="0.002" /><testcase classname="tests.unit.math_core.test_threshold_calculator_comprehensive" name="test_tau_star_and_choose_format[160-192-log]" time="0.002" /><testcase classname="tests.unit.router.test_router_comprehensive" name="test_format_selection_and_layers[600-k.log-text/plain]" time="0.005" /><testcase classname="tests.unit.math_core.test_threshold_calculator_comprehensive" name="test_tau_star_and_choose_format[160-192-step]" time="0.002" /><testcase classname="tests.unit.router.test_router_comprehensive" name="test_format_selection_and_layers[600-l.rtf-application/rtf]" time="0.002" /><testcase classname="tests.unit.math_core.test_threshold_calculator_comprehensive" name="test_tau_star_and_choose_format[160-192-flat]" time="0.002" /><testcase classname="tests.unit.math_core.test_threshold_calculator_comprehensive" name="test_tau_star_and_choose_format[160-192-custom]" time="0.002" /><testcase classname="tests.unit.router.test_router_comprehensive" name="test_format_selection_and_layers[600-m.tex-text/plain]" time="0.002" /><testcase classname="tests.unit.math_core.test_threshold_calculator_comprehensive" name="test_tau_star_and_choose_format[160-256-linear]" time="0.002" /><testcase classname="tests.unit.router.test_router_comprehensive" name="test_format_selection_and_layers[600-n.tsv-text/tab-separated-values]" time="0.002" /><testcase classname="tests.unit.math_core.test_threshold_calculator_comprehensive" name="test_tau_star_and_choose_format[160-256-sublinear]" time="0.002" /><testcase classname="tests.unit.router.test_router_comprehensive" name="test_format_selection_and_layers[600-o.bmp-image/bmp]" time="0.002" /><testcase classname="tests.unit.math_core.test_threshold_calculator_comprehensive" name="test_tau_star_and_choose_format[160-256-log]" time="0.002" /><testcase classname="tests.unit.router.test_router_comprehensive" name="test_format_selection_and_layers[600-p.tiff-image/tiff]" time="0.002" /><testcase classname="tests.unit.math_core.test_threshold_calculator_comprehensive" name="test_tau_star_and_choose_format[160-256-step]" time="0.002" /><testcase classname="tests.unit.router.test_router_comprehensive" name="test_format_selection_and_layers[600-q.doc-application/msword]" time="0.003" /><testcase classname="tests.unit.math_core.test_threshold_calculator_comprehensive" name="test_tau_star_and_choose_format[160-256-flat]" time="0.002" /><testcase classname="tests.unit.router.test_router_comprehensive" name="test_format_selection_and_layers[600-r.docx-application/vnd.openxmlformats-officedocument.wordprocessingml.document]" time="0.002" /><testcase classname="tests.unit.math_core.test_threshold_calculator_comprehensive" name="test_tau_star_and_choose_format[160-256-custom]" time="0.002" /><testcase classname="tests.unit.math_core.test_threshold_calculator_comprehensive" name="test_tau_star_and_choose_format[160-512-linear]" time="0.001" /><testcase classname="tests.unit.router.test_router_comprehensive" name="test_format_selection_and_layers[600-s.xml-application/xml]" time="0.002" /><testcase classname="tests.unit.math_core.test_threshold_calculator_comprehensive" name="test_tau_star_and_choose_format[160-512-sublinear]" time="0.002" /><testcase classname="tests.unit.orchestrator.test_orchestrator_comprehensive" name="test_store_content_formats[600-d.json-application/json]" time="0.052" /><testcase classname="tests.unit.router.test_router_comprehensive" name="test_format_selection_and_layers[600-t.html-text/html]" time="0.002" /><testcase classname="tests.unit.math_core.test_threshold_calculator_comprehensive" name="test_tau_star_and_choose_format[160-512-log]" time="0.002" /><testcase classname="tests.unit.router.test_router_comprehensive" name="test_format_selection_and_layers[1024-a.txt-text/plain]" time="0.003" /><testcase classname="tests.unit.math_core.test_threshold_calculator_comprehensive" name="test_tau_star_and_choose_format[160-512-step]" time="0.001" /><testcase classname="tests.unit.math_core.test_threshold_calculator_comprehensive" name="test_tau_star_and_choose_format[160-512-flat]" time="0.001" /><testcase classname="tests.unit.router.test_router_comprehensive" name="test_format_selection_and_layers[1024-b.md-text/markdown]" time="0.004" /><testcase classname="tests.unit.math_core.test_threshold_calculator_comprehensive" name="test_tau_star_and_choose_format[160-512-custom]" time="0.001" /><testcase classname="tests.unit.router.test_router_comprehensive" name="test_format_selection_and_layers[1024-c.pdf-application/pdf]" time="0.003" /><testcase classname="tests.unit.math_core.test_threshold_calculator_comprehensive" name="test_choose_format_table[128-64-None-v4]" time="0.002" /><testcase classname="tests.unit.math_core.test_threshold_calculator_comprehensive" name="test_choose_format_table[64-128-None-micro]" time="0.002" /><testcase classname="tests.unit.router.test_router_comprehensive" name="test_format_selection_and_layers[1024-d.csv-text/csv]" time="0.003" /><testcase classname="tests.unit.math_core.test_threshold_calculator_comprehensive" name="test_choose_format_table[128-200-96-microK8]" time="0.001" /><testcase classname="tests.unit.math_core.test_threshold_calculator_comprehensive" name="test_choose_format_table[300-200-256-v4]" time="0.002" /><testcase classname="tests.unit.router.test_router_comprehensive" name="test_format_selection_and_layers[1024-e.json-application/json]" time="0.004" /><testcase classname="tests.unit.math_core.test_threshold_calculator_comprehensive" name="test_choose_format_table[64-64-64-micro]" time="0.001" /><testcase classname="tests.unit.router.test_router_comprehensive" name="test_format_selection_and_layers[1024-f.yaml-application/x-yaml]" time="0.003" /><testcase classname="tests.unit.math_core.test_threshold_calculator_comprehensive" name="test_choose_format_table[64-63-63-microK8]" time="0.001" /><testcase classname="tests.unit.math_core.test_threshold_calculator_comprehensive" name="test_choose_format_table[1000-999-None-v4]" time="0.002" /><testcase classname="tests.unit.router.test_router_comprehensive" name="test_format_selection_and_layers[1024-g.jpg-image/jpeg]" time="0.003" /><testcase classname="tests.unit.math_core.test_threshold_calculator_comprehensive" name="test_choose_format_table[10-100-9-microK8]" time="0.003" /><testcase classname="tests.unit.router.test_router_comprehensive" name="test_format_selection_and_layers[1024-h.png-image/png]" time="0.003" /><testcase classname="tests.unit.router.test_router_comprehensive" name="test_format_selection_and_layers[1024-i.ini-text/plain]" time="0.003" /><testcase classname="tests.unit.router.test_router_comprehensive" name="test_format_selection_and_layers[1024-j.toml-text/plain]" time="0.003" /><testcase classname="tests.unit.router.test_router_comprehensive" name="test_format_selection_and_layers[1024-k.log-text/plain]" time="0.003" /><testcase classname="tests.unit.router.test_router_comprehensive" name="test_format_selection_and_layers[1024-l.rtf-application/rtf]" time="0.003" /><testcase classname="tests.unit.orchestrator.test_orchestrator_comprehensive" name="test_store_content_formats[1024-e.pdf-application/pdf]" time="0.044" /><testcase classname="tests.unit.router.test_router_comprehensive" name="test_format_selection_and_layers[1024-m.tex-text/plain]" time="0.003" /><testcase classname="tests.unit.router.test_router_comprehensive" name="test_format_selection_and_layers[1024-n.tsv-text/tab-separated-values]" time="0.003" /><testcase classname="tests.unit.router.test_router_comprehensive" name="test_format_selection_and_layers[1024-o.bmp-image/bmp]" time="0.003" /><testcase classname="tests.unit.router.test_router_comprehensive" name="test_format_selection_and_layers[1024-p.tiff-image/tiff]" time="0.003" /><testcase classname="tests.unit.router.test_router_comprehensive" name="test_format_selection_and_layers[1024-q.doc-application/msword]" time="0.003" /><testcase classname="tests.unit.router.test_router_comprehensive" name="test_format_selection_and_layers[1024-r.docx-application/vnd.openxmlformats-officedocument.wordprocessingml.document]" time="0.003" /><testcase classname="tests.unit.router.test_router_comprehensive" name="test_format_selection_and_layers[1024-s.xml-application/xml]" time="0.003" /><testcase classname="tests.unit.router.test_router_comprehensive" name="test_format_selection_and_layers[1024-t.html-text/html]" time="0.003" /><testcase classname="tests.unit.router.test_router_comprehensive" name="test_format_selection_and_layers[1500-a.txt-text/plain]" time="0.005" /><testcase classname="tests.unit.router.test_router_comprehensive" name="test_format_selection_and_layers[1500-b.md-text/markdown]" time="0.005" /><testcase classname="tests.unit.orchestrator.test_orchestrator_comprehensive" name="test_store_content_formats[5000-f.bin-application/octet-stream]" time="0.076" /><testcase classname="tests.unit.router.test_router_comprehensive" name="test_format_selection_and_layers[1500-c.pdf-application/pdf]" time="0.005" /><testcase classname="tests.unit.router.test_router_comprehensive" name="test_format_selection_and_layers[1500-d.csv-text/csv]" time="0.005" /><testcase classname="tests.unit.router.test_router_comprehensive" name="test_format_selection_and_layers[1500-e.json-application/json]" time="0.005" /><testcase classname="tests.unit.router.test_router_comprehensive" name="test_format_selection_and_layers[1500-f.yaml-application/x-yaml]" time="0.005" /><testcase classname="tests.unit.router.test_router_comprehensive" name="test_format_selection_and_layers[1500-g.jpg-image/jpeg]" time="0.005" /><testcase classname="tests.unit.router.test_router_comprehensive" name="test_format_selection_and_layers[1500-h.png-image/png]" time="0.005" /><testcase classname="tests.unit.router.test_router_comprehensive" name="test_format_selection_and_layers[1500-i.ini-text/plain]" time="0.005" /><testcase classname="tests.unit.router.test_router_comprehensive" name="test_format_selection_and_layers[1500-j.toml-text/plain]" time="0.005" /><testcase classname="tests.unit.router.test_router_comprehensive" name="test_format_selection_and_layers[1500-k.log-text/plain]" time="0.004" /><testcase classname="tests.unit.router.test_router_comprehensive" name="test_format_selection_and_layers[1500-l.rtf-application/rtf]" time="0.005" /><testcase classname="tests.unit.router.test_router_comprehensive" name="test_format_selection_and_layers[1500-m.tex-text/plain]" time="0.005" /><testcase classname="tests.unit.router.test_router_comprehensive" name="test_format_selection_and_layers[1500-n.tsv-text/tab-separated-values]" time="0.005" /><testcase classname="tests.unit.router.test_router_comprehensive" name="test_format_selection_and_layers[1500-o.bmp-image/bmp]" time="0.005" /><testcase classname="tests.unit.router.test_router_comprehensive" name="test_format_selection_and_layers[1500-p.tiff-image/tiff]" time="0.005" /><testcase classname="tests.unit.orchestrator.test_orchestrator_comprehensive" name="test_store_content_vault[API_KEY=xyz]" time="0.021" /><testcase classname="tests.unit.router.test_router_comprehensive" name="test_format_selection_and_layers[1500-q.doc-application/msword]" time="0.005" /><testcase classname="tests.unit.router.test_router_comprehensive" name="test_format_selection_and_layers[1500-r.docx-application/vnd.openxmlformats-officedocument.wordprocessingml.document]" time="0.005" /><testcase classname="tests.unit.router.test_router_comprehensive" name="test_format_selection_and_layers[1500-s.xml-application/xml]" time="0.005" /><testcase classname="tests.unit.orchestrator.test_orchestrator_comprehensive" name="test_store_content_vault[password=secret]" time="0.005" /><testcase classname="tests.unit.router.test_router_comprehensive" name="test_format_selection_and_layers[1500-t.html-text/html]" time="0.005" /><testcase classname="tests.unit.orchestrator.test_orchestrator_comprehensive" name="test_store_content_vault[Bearer abc.def.ghi]" time="0.035" /><testcase classname="tests.unit.router.test_router_comprehensive" name="test_format_selection_and_layers[5000-a.txt-text/plain]" time="0.046" /><testcase classname="tests.unit.orchestrator.test_orchestrator_comprehensive" name="test_store_content_vault[ghp_aaaaaaaaaaaaaaaaaaaaaaaaaaaaaa]" time="0.010" /><testcase classname="tests.unit.router.test_router_comprehensive" name="test_format_selection_and_layers[5000-b.md-text/markdown]" time="0.034" /><testcase classname="tests.unit.orchestrator.test_orchestrator_comprehensive" name="test_retrieve_roundtrip" time="0.062" /><testcase classname="tests.unit.router.test_router_comprehensive" name="test_format_selection_and_layers[5000-c.pdf-application/pdf]" time="0.040" /><testcase classname="tests.unit.router.test_router_comprehensive" name="test_format_selection_and_layers[5000-d.csv-text/csv]" time="0.034" /><testcase classname="tests.unit.orchestrator.test_orchestrator_comprehensive" name="test_system_status_shape" time="0.030" /><testcase classname="tests.unit.orchestrator.test_orchestrator_comprehensive" name="test_rebalance_changes_or_confirms" time="0.006" /><testcase classname="tests.unit.orchestrator.test_orchestrator_comprehensive" name="test_bulk_store_varied_sizes[1]" time="0.125" /><testcase classname="tests.unit.router.test_router_comprehensive" name="test_format_selection_and_layers[5000-e.json-application/json]" time="0.033" /><testcase classname="tests.unit.router.test_router_comprehensive" name="test_format_selection_and_layers[5000-f.yaml-application/x-yaml]" time="0.032" /><testcase classname="tests.unit.router.test_router_comprehensive" name="test_format_selection_and_layers[5000-g.jpg-image/jpeg]" time="0.033" /><testcase classname="tests.unit.router.test_router_comprehensive" name="test_format_selection_and_layers[5000-h.png-image/png]" time="0.032" /><testcase classname="tests.unit.orchestrator.test_orchestrator_comprehensive" name="test_bulk_store_varied_sizes[2]" time="0.218" /><testcase classname="tests.unit.router.test_router_comprehensive" name="test_format_selection_and_layers[5000-i.ini-text/plain]" time="0.031" /><testcase classname="tests.unit.router.test_router_comprehensive" name="test_format_selection_and_layers[5000-j.toml-text/plain]" time="0.038" /><testcase classname="tests.unit.router.test_router_comprehensive" name="test_format_selection_and_layers[5000-k.log-text/plain]" time="0.033" /><testcase classname="tests.unit.router.test_router_comprehensive" name="test_format_selection_and_layers[5000-l.rtf-application/rtf]" time="0.033" /><testcase classname="tests.unit.router.test_router_comprehensive" name="test_format_selection_and_layers[5000-m.tex-text/plain]" time="0.031" /><testcase classname="tests.unit.router.test_router_comprehensive" name="test_format_selection_and_layers[5000-n.tsv-text/tab-separated-values]" time="0.030" /><testcase classname="tests.unit.router.test_router_comprehensive" name="test_format_selection_and_layers[5000-o.bmp-image/bmp]" time="0.036" /><testcase classname="tests.unit.orchestrator.test_orchestrator_comprehensive" name="test_bulk_store_varied_sizes[3]" time="0.153" /><testcase classname="tests.unit.router.test_router_comprehensive" name="test_format_selection_and_layers[5000-p.tiff-image/tiff]" time="0.031" /><testcase classname="tests.unit.router.test_router_comprehensive" name="test_format_selection_and_layers[5000-q.doc-application/msword]" time="0.030" /><testcase classname="tests.unit.router.test_router_comprehensive" name="test_format_selection_and_layers[5000-r.docx-application/vnd.openxmlformats-officedocument.wordprocessingml.document]" time="0.040" /><testcase classname="tests.unit.router.test_router_comprehensive" name="test_format_selection_and_layers[5000-s.xml-application/xml]" time="0.031" /><testcase classname="tests.unit.orchestrator.test_orchestrator_comprehensive" name="test_bulk_store_varied_sizes[4]" time="0.178" /><testcase classname="tests.unit.router.test_router_comprehensive" name="test_format_selection_and_layers[5000-t.html-text/html]" time="0.031" /><testcase classname="tests.unit.router.test_router_comprehensive" name="test_secret_detection_routes_to_vault[api_key=XYZ]" time="0.011" /><testcase classname="tests.unit.router.test_router_comprehensive" name="test_secret_detection_routes_to_vault[password=secret]" time="0.002" /><testcase classname="tests.unit.router.test_router_comprehensive" name="test_secret_detection_routes_to_vault[token: ghp_abcdefghijklmnopqrstuvwxyz1234]" time="0.002" /><testcase classname="tests.unit.router.test_router_comprehensive" name="test_secret_detection_routes_to_vault[eyJhbGciOiJIUzI1NiIsInR5cCI6IkpXVCJ9.e30.signature]" time="0.002" /><testcase classname="tests.unit.router.test_router_comprehensive" name="test_secret_detection_routes_to_vault[AWS_SECRET_ACCESS_KEY=AKIA...]" time="0.002" /><testcase classname="tests.unit.router.test_router_comprehensive" name="test_secret_detection_routes_to_vault[Bearer abc.def.ghi]" time="0.001" /><testcase classname="tests.unit.router.test_router_comprehensive" name="test_threshold_env_overrides[256-1024-1-micro]" time="0.002" /><testcase classname="tests.unit.router.test_router_comprehensive" name="test_threshold_env_overrides[256-1024-256-micro]" time="0.008" /><testcase classname="tests.unit.router.test_router_comprehensive" name="test_threshold_env_overrides[256-1024-257-microK8]" time="0.002" /><testcase classname="tests.unit.router.test_router_comprehensive" name="test_threshold_env_overrides[256-1024-1024-microK8]" time="0.004" /><testcase classname="tests.unit.router.test_router_comprehensive" name="test_threshold_env_overrides[256-1024-1025-v4]" time="0.003" /><testcase classname="tests.unit.router.test_router_comprehensive" name="test_threshold_env_overrides[128-512-128-micro]" time="0.001" /><testcase classname="tests.unit.router.test_router_comprehensive" name="test_threshold_env_overrides[128-512-400-microK8]" time="0.003" /><testcase classname="tests.unit.router.test_router_comprehensive" name="test_threshold_env_overrides[128-512-513-v4]" time="0.002" /><testcase classname="tests.unit.router.test_router_comprehensive" name="test_threshold_env_overrides[1-2-3-v4]" time="0.002" /><testcase classname="tests.unit.router.test_router_comprehensive" name="test_threshold_env_overrides[1024-1024-1025-v4]" time="0.012" /><testcase classname="tests.unit.router.test_router_comprehensive" name="test_layer_assignment_weight_normalization[32-report.pdf-application/pdf]" time="0.002" /><testcase classname="tests.unit.router.test_router_comprehensive" name="test_layer_assignment_weight_normalization[32-notes.txt-text/plain]" time="0.003" /><testcase classname="tests.unit.router.test_router_comprehensive" name="test_layer_assignment_weight_normalization[32-data.csv-text/csv]" time="0.004" /><testcase classname="tests.unit.router.test_router_comprehensive" name="test_layer_assignment_weight_normalization[32-config.yaml-application/x-yaml]" time="0.002" /><testcase classname="tests.unit.router.test_router_comprehensive" name="test_layer_assignment_weight_normalization[32-image.png-image/png]" time="0.001" /><testcase classname="tests.unit.router.test_router_comprehensive" name="test_layer_assignment_weight_normalization[32-photo.jpg-image/jpeg]" time="0.004" /><testcase classname="tests.unit.router.test_router_comprehensive" name="test_layer_assignment_weight_normalization[32-doc.docx-application/vnd.openxmlformats-officedocument.wordprocessingml.document]" time="0.005" /><testcase classname="tests.unit.router.test_router_comprehensive" name="test_layer_assignment_weight_normalization[32-paper.tex-text/plain]" time="0.005" /><testcase classname="tests.unit.router.test_router_comprehensive" name="test_layer_assignment_weight_normalization[32-table.tsv-text/tab-separated-values]" time="0.003" /><testcase classname="tests.unit.router.test_router_comprehensive" name="test_layer_assignment_weight_normalization[32-prefs.ini-text/plain]" time="0.001" /><testcase classname="tests.unit.router.test_router_comprehensive" name="test_layer_assignment_weight_normalization[32-prefs.toml-text/plain]" time="0.001" /><testcase classname="tests.unit.router.test_router_comprehensive" name="test_layer_assignment_weight_normalization[32-binary.bin-application/octet-stream]" time="0.001" /><testcase classname="tests.unit.router.test_router_comprehensive" name="test_layer_assignment_weight_normalization[32-archive.log-text/plain]" time="0.003" /><testcase classname="tests.unit.router.test_router_comprehensive" name="test_layer_assignment_weight_normalization[32-vector.bmp-image/bmp]" time="0.003" /><testcase classname="tests.unit.router.test_router_comprehensive" name="test_layer_assignment_weight_normalization[32-scan.tiff-image/tiff]" time="0.001" /><testcase classname="tests.unit.router.test_router_comprehensive" name="test_layer_assignment_weight_normalization[128-report.pdf-application/pdf]" time="0.002" /><testcase classname="tests.unit.orchestrator.test_orchestrator_comprehensive" name="test_bulk_store_varied_sizes[5]" time="0.289" /><testcase classname="tests.unit.router.test_router_comprehensive" name="test_layer_assignment_weight_normalization[128-notes.txt-text/plain]" time="0.002" /><testcase classname="tests.unit.router.test_router_comprehensive" name="test_layer_assignment_weight_normalization[128-data.csv-text/csv]" time="0.002" /><testcase classname="tests.unit.router.test_router_comprehensive" name="test_layer_assignment_weight_normalization[128-config.yaml-application/x-yaml]" time="0.001" /><testcase classname="tests.unit.router.test_router_comprehensive" name="test_layer_assignment_weight_normalization[128-image.png-image/png]" time="0.002" /><testcase classname="tests.unit.router.test_router_comprehensive" name="test_layer_assignment_weight_normalization[128-photo.jpg-image/jpeg]" time="0.001" /><testcase classname="tests.unit.router.test_router_comprehensive" name="test_layer_assignment_weight_normalization[128-doc.docx-application/vnd.openxmlformats-officedocument.wordprocessingml.document]" time="0.002" /><testcase classname="tests.unit.router.test_router_comprehensive" name="test_layer_assignment_weight_normalization[128-paper.tex-text/plain]" time="0.001" /><testcase classname="tests.unit.router.test_router_comprehensive" name="test_layer_assignment_weight_normalization[128-table.tsv-text/tab-separated-values]" time="0.002" /><testcase classname="tests.unit.router.test_router_comprehensive" name="test_layer_assignment_weight_normalization[128-prefs.ini-text/plain]" time="0.003" /><testcase classname="tests.unit.router.test_router_comprehensive" name="test_layer_assignment_weight_normalization[128-prefs.toml-text/plain]" time="0.002" /><testcase classname="tests.unit.router.test_router_comprehensive" name="test_layer_assignment_weight_normalization[128-binary.bin-application/octet-stream]" time="0.001" /><testcase classname="tests.unit.router.test_router_comprehensive" name="test_layer_assignment_weight_normalization[128-archive.log-text/plain]" time="0.002" /><testcase classname="tests.unit.router.test_router_comprehensive" name="test_layer_assignment_weight_normalization[128-vector.bmp-image/bmp]" time="0.001" /><testcase classname="tests.unit.router.test_router_comprehensive" name="test_layer_assignment_weight_normalization[128-scan.tiff-image/tiff]" time="0.006" /><testcase classname="tests.unit.router.test_router_comprehensive" name="test_layer_assignment_weight_normalization[512-report.pdf-application/pdf]" time="0.002" /><testcase classname="tests.unit.router.test_router_comprehensive" name="test_layer_assignment_weight_normalization[512-notes.txt-text/plain]" time="0.002" /><testcase classname="tests.unit.router.test_router_comprehensive" name="test_layer_assignment_weight_normalization[512-data.csv-text/csv]" time="0.002" /><testcase classname="tests.unit.router.test_router_comprehensive" name="test_layer_assignment_weight_normalization[512-config.yaml-application/x-yaml]" time="0.002" /><testcase classname="tests.unit.router.test_router_comprehensive" name="test_layer_assignment_weight_normalization[512-image.png-image/png]" time="0.002" /><testcase classname="tests.unit.router.test_router_comprehensive" name="test_layer_assignment_weight_normalization[512-photo.jpg-image/jpeg]" time="0.015" /><testcase classname="tests.unit.router.test_router_comprehensive" name="test_layer_assignment_weight_normalization[512-doc.docx-application/vnd.openxmlformats-officedocument.wordprocessingml.document]" time="0.002" /><testcase classname="tests.unit.router.test_router_comprehensive" name="test_layer_assignment_weight_normalization[512-paper.tex-text/plain]" time="0.002" /><testcase classname="tests.unit.router.test_router_comprehensive" name="test_layer_assignment_weight_normalization[512-table.tsv-text/tab-separated-values]" time="0.005" /><testcase classname="tests.unit.router.test_router_comprehensive" name="test_layer_assignment_weight_normalization[512-prefs.ini-text/plain]" time="0.002" /><testcase classname="tests.unit.router.test_router_comprehensive" name="test_layer_assignment_weight_normalization[512-prefs.toml-text/plain]" time="0.002" /><testcase classname="tests.unit.router.test_router_comprehensive" name="test_layer_assignment_weight_normalization[512-binary.bin-application/octet-stream]" time="0.003" /><testcase classname="tests.unit.router.test_router_comprehensive" name="test_layer_assignment_weight_normalization[512-archive.log-text/plain]" time="0.003" /><testcase classname="tests.unit.router.test_router_comprehensive" name="test_layer_assignment_weight_normalization[512-vector.bmp-image/bmp]" time="0.002" /><testcase classname="tests.unit.router.test_router_comprehensive" name="test_layer_assignment_weight_normalization[512-scan.tiff-image/tiff]" time="0.002" /><testcase classname="tests.unit.router.test_router_comprehensive" name="test_layer_assignment_weight_normalization[2048-report.pdf-application/pdf]" time="0.007" /><testcase classname="tests.unit.router.test_router_comprehensive" name="test_layer_assignment_weight_normalization[2048-notes.txt-text/plain]" time="0.008" /><testcase classname="tests.unit.router.test_router_comprehensive" name="test_layer_assignment_weight_normalization[2048-data.csv-text/csv]" time="0.007" /><testcase classname="tests.unit.router.test_router_comprehensive" name="test_layer_assignment_weight_normalization[2048-config.yaml-application/x-yaml]" time="0.007" /><testcase classname="tests.unit.router.test_router_comprehensive" name="test_layer_assignment_weight_normalization[2048-image.png-image/png]" time="0.007" /><testcase classname="tests.unit.router.test_router_comprehensive" name="test_layer_assignment_weight_normalization[2048-photo.jpg-image/jpeg]" time="0.008" /><testcase classname="tests.unit.router.test_router_comprehensive" name="test_layer_assignment_weight_normalization[2048-doc.docx-application/vnd.openxmlformats-officedocument.wordprocessingml.document]" time="0.007" /><testcase classname="tests.unit.router.test_router_comprehensive" name="test_layer_assignment_weight_normalization[2048-paper.tex-text/plain]" time="0.007" /><testcase classname="tests.unit.router.test_router_comprehensive" name="test_layer_assignment_weight_normalization[2048-table.tsv-text/tab-separated-values]" time="0.008" /><testcase classname="tests.unit.router.test_router_comprehensive" name="test_layer_assignment_weight_normalization[2048-prefs.ini-text/plain]" time="0.007" /><testcase classname="tests.unit.router.test_router_comprehensive" name="test_layer_assignment_weight_normalization[2048-prefs.toml-text/plain]" time="0.007" /><testcase classname="tests.unit.router.test_router_comprehensive" name="test_layer_assignment_weight_normalization[2048-binary.bin-application/octet-stream]" time="0.007" /><testcase classname="tests.unit.router.test_router_comprehensive" name="test_layer_assignment_weight_normalization[2048-archive.log-text/plain]" time="0.007" /><testcase classname="tests.unit.router.test_router_comprehensive" name="test_layer_assignment_weight_normalization[2048-vector.bmp-image/bmp]" time="0.007" /><testcase classname="tests.unit.router.test_router_comprehensive" name="test_layer_assignment_weight_normalization[2048-scan.tiff-image/tiff]" time="0.021" /><testcase classname="tests.unit.orchestrator.test_orchestrator_comprehensive" name="test_bulk_store_varied_sizes[7]" time="0.249" /><testcase classname="tests.unit.orchestrator.test_orchestrator_comprehensive" name="test_bulk_store_varied_sizes[8]" time="0.216" /><testcase classname="tests.unit.orchestrator.test_orchestrator_comprehensive" name="test_bulk_store_varied_sizes[16]" time="0.188" /><testcase classname="tests.unit.orchestrator.test_orchestrator_comprehensive" name="test_bulk_store_varied_sizes[32]" time="0.283" /><testcase classname="tests.unit.orchestrator.test_orchestrator_comprehensive" name="test_bulk_store_varied_sizes[64]" time="0.215" /><testcase classname="tests.unit.orchestrator.test_orchestrator_comprehensive" name="test_bulk_store_varied_sizes[100]" time="0.268" /><testcase classname="tests.unit.orchestrator.test_orchestrator_comprehensive" name="test_bulk_store_varied_sizes[128]" time="0.272" /><testcase classname="tests.unit.orchestrator.test_orchestrator_comprehensive" name="test_bulk_store_varied_sizes[200]" time="0.256" /><testcase classname="tests.unit.orchestrator.test_orchestrator_comprehensive" name="test_bulk_store_varied_sizes[256]" time="0.192" /><testcase classname="tests.unit.orchestrator.test_orchestrator_comprehensive" name="test_bulk_store_varied_sizes[300]" time="0.203" /><testcase classname="tests.unit.orchestrator.test_orchestrator_comprehensive" name="test_bulk_store_varied_sizes[400]" time="0.198" /><testcase classname="tests.unit.orchestrator.test_orchestrator_comprehensive" name="test_bulk_store_varied_sizes[512]" time="0.214" /><testcase classname="tests.unit.orchestrator.test_orchestrator_comprehensive" name="test_bulk_store_varied_sizes[800]" time="0.254" /><testcase classname="tests.unit.orchestrator.test_orchestrator_comprehensive" name="test_bulk_store_varied_sizes[1024]" time="0.209" /><testcase classname="tests.unit.orchestrator.test_orchestrator_comprehensive" name="test_bulk_store_varied_sizes[1500]" time="0.213" /><testcase classname="tests.unit.orchestrator.test_orchestrator_comprehensive" name="test_async_metrics_and_status_paths[get_real_metrics]" time="0.098" /><testcase classname="tests.unit.orchestrator.test_orchestrator_comprehensive" name="test_async_metrics_and_status_paths[get_system_status]" time="0.019" /><testcase classname="tests.unit.orchestrator.test_orchestrator_comprehensive" name="test_async_metrics_and_status_paths[get_memory_usage]" time="0.020" /><testcase classname="tests.unit.orchestrator.test_orchestrator_comprehensive" name="test_async_metrics_and_status_paths[get_performance_metrics]" time="0.013" /><testcase classname="tests.unit.orchestrator.test_orchestrator_comprehensive" name="test_async_error_paths[_get_gpu_status]" time="0.013" /><testcase classname="tests.unit.orchestrator.test_orchestrator_comprehensive" name="test_async_error_paths[_get_memory_usage]" time="0.025" /><testcase classname="tests.unit.orchestrator.test_orchestrator_comprehensive" name="test_async_error_paths[_get_performance_metrics]" time="0.008" /><testcase classname="tests.unit.orchestrator.test_orchestrator_comprehensive" name="test_async_error_paths[_get_pattern_count]" time="0.008" /><testcase classname="tests.unit.orchestrator.test_orchestrator_comprehensive" name="test_async_error_paths[_get_operations_count]" time="0.008" /><testcase classname="tests.unit.orchestrator.test_failure_handling" name="test_retrieve_unknown_doc_returns_empty" time="2.048" /></testsuite></testsuites>