<?xml version="1.0" encoding="utf-8"?><testsuites name="pytest tests"><testsuite name="pytest" errors="12" failures="0" skipped="0" tests="12" time="1.833" timestamp="2025-09-10T20:19:27.609067-04:00" hostname="Philips-Mac-Studio.local"><testcase classname="" name="tests.monitoring.test_logging" time="0.000"><error message="collection failure">'monitoring' not found in `markers` configuration option</error><error message="collection failure">'monitoring' not found in `markers` configuration option</error><error message="collection failure">'monitoring' not found in `markers` configuration option</error><error message="collection failure">'monitoring' not found in `markers` configuration option</error><error message="collection failure">'monitoring' not found in `markers` configuration option</error><error message="collection failure">'monitoring' not found in `markers` configuration option</error><error message="collection failure">'monitoring' not found in `markers` configuration option</error><error message="collection failure">'monitoring' not found in `markers` configuration option</error><error message="collection failure">'monitoring' not found in `markers` configuration option</error><error message="collection failure">'monitoring' not found in `markers` configuration option</error><error message="collection failure">'monitoring' not found in `markers` configuration option</error><error message="collection failure">'monitoring' not found in `markers` configuration option</error></testcase></testsuite></testsuites>