<?xml version="1.0" encoding="utf-8"?><testsuites name="pytest tests"><testsuite name="pytest" errors="0" failures="1" skipped="0" tests="3" time="2.519" timestamp="2025-09-10T22:17:01.611626-04:00" hostname="Philips-Mac-Studio.local"><testcase classname="tests.unit.math_core.test_dimension_optimizer_comprehensive" name="test_relative_allocation_trends[importance0]" time="0.106" /><testcase classname="tests.unit.math_core.test_dimension_optimizer_comprehensive" name="test_relative_allocation_trends[importance1]" time="0.004" /><testcase classname="tests.unit.math_core.test_dimension_optimizer_comprehensive" name="test_relative_allocation_trends[importance2]" time="0.002"><failure message="assert 0 &gt; 0">tests/unit/math_core/test_dimension_optimizer_comprehensive.py:99: in test_relative_allocation_trends
    assert D["c"] &gt; 0
E   assert 0 &gt; 0</failure></testcase></testsuite></testsuites>