<?xml version="1.0" encoding="utf-8"?><testsuites name="pytest tests"><testsuite name="pytest" errors="0" failures="5" skipped="0" tests="316" time="95.420" timestamp="2025-09-10T20:32:41.923627-04:00" hostname="Philips-Mac-Studio.local"><testcase classname="tests.unit.math_core.test_dimension_optimizer_comprehensive" name="test_optimize_dimensions_budget_normalization[loads0-importance0-0]" time="0.085" /><testcase classname="tests.unit.router.test_router_comprehensive" name="test_format_selection_and_layers[1-a.txt-text/plain]" time="0.095" /><testcase classname="tests.unit.vault.test_security_guard" name="test_detect_secrets_patterns" time="0.095" /><testcase classname="tests.unit.telemetry.test_telemetry_comprehensive" name="test_track_and_snapshot[Identity-100-50]" time="0.093" /><testcase classname="tests.unit.router.test_mathematical_routing" name="test_routing_format_thresholds" time="0.103" /><testcase classname="tests.unit.orchestrator.test_orchestrator_core" name="test_store_and_retrieve_roundtrip" time="0.263" /><testcase classname="tests.unit.orchestrator.test_orchestrator_comprehensive" name="test_store_content_formats[1-a.txt-text/plain]" time="0.266" /><testcase classname="tests.unit.holographic-memory.test_memory_comprehensive" name="test_write_hwp_v4_micro_roundtrip[1]" time="0.091" /><testcase classname="tests.unit.math_core.test_dimension_optimizer_comprehensive" name="test_optimize_dimensions_budget_normalization[loads1-importance1-1024]" time="0.001" /><testcase classname="tests.unit.math_core.test_dimension_optimizer_comprehensive" name="test_optimize_dimensions_budget_normalization[loads2-importance2-1024]" time="0.001" /><testcase classname="tests.unit.math_core.test_threshold_calculator_comprehensive" name="test_tau_star_and_choose_format[None-64-linear]" time="0.087"><failure message="assert 192 &lt;= 64">tests/unit/math_core/test_threshold_calculator_comprehensive.py:42: in test_tau_star_and_choose_format
    assert cv_tau &lt;= target
E   assert 192 &lt;= 64</failure></testcase><testcase classname="tests.unit.orchestrator.test_failure_handling" name="test_vault_storage_path_on_secret" time="4.114" /><testcase classname="tests.unit.holographic-memory.test_memory_comprehensive" name="test_write_hwp_v4_micro_roundtrip[2]" time="0.002" /><testcase classname="tests.unit.holographic-memory.test_memory_comprehensive" name="test_write_hwp_v4_micro_roundtrip[4]" time="0.001" /><testcase classname="tests.unit.holographic-memory.test_core_engine" name="test_calculate_optimal_dimension_thresholds" time="0.102" /><testcase classname="tests.unit.telemetry.test_telemetry_comprehensive" name="test_track_and_snapshot[Knowledge-200-100]" time="0.001" /><testcase classname="tests.unit.vault.test_vault_comprehensive" name="test_detect_secrets_patterns[API_KEY=xyz-True]" time="0.105" /><testcase classname="tests.unit.router.test_router_comprehensive" name="test_format_selection_and_layers[1-b.md-text/markdown]" time="0.002" /><testcase classname="tests.unit.holographic-memory.test_memory_comprehensive" name="test_write_hwp_v4_micro_roundtrip[8]" time="0.001" /><testcase classname="tests.unit.holographic-memory.test_memory_comprehensive" name="test_write_hwp_v4_micro_roundtrip[16]" time="0.002" /><testcase classname="tests.unit.router.test_router_comprehensive" name="test_format_selection_and_layers[1-c.pdf-application/pdf]" time="0.002" /><testcase classname="tests.unit.router.test_router_comprehensive" name="test_format_selection_and_layers[1-d.csv-text/csv]" time="0.003" /><testcase classname="tests.unit.vault.test_security_guard" name="test_generate_vault_id_uniqueness" time="0.001" /><testcase classname="tests.unit.telemetry.test_performance_tracker" name="test_telemetry_ratios_and_snapshot" time="0.002" /><testcase classname="tests.unit.holographic-memory.test_memory_comprehensive" name="test_write_hwp_v4_micro_roundtrip[32]" time="0.004" /><testcase classname="tests.unit.telemetry.test_telemetry_comprehensive" name="test_track_and_snapshot[Experience-300-150]" time="0.001" /><testcase classname="tests.unit.telemetry.test_telemetry_comprehensive" name="test_track_and_snapshot[Preference-400-200]" time="0.001" /><testcase classname="tests.unit.telemetry.test_telemetry_comprehensive" name="test_track_and_snapshot[Context-500-250]" time="0.003" /><testcase classname="tests.unit.telemetry.test_telemetry_comprehensive" name="test_track_and_snapshot[Wisdom-128-64]" time="0.002" /><testcase classname="tests.unit.router.test_mathematical_routing" name="test_route_layers_balanced_weights" time="0.011" /><testcase classname="tests.unit.holographic-memory.test_core_engine" name="test_get_wave_data_from_bytes_shapes" time="0.009" /><testcase classname="tests.unit.vault.test_vault_comprehensive" name="test_detect_secrets_patterns[password=secret-True]" time="0.003" /><testcase classname="tests.unit.router.test_router_comprehensive" name="test_format_selection_and_layers[1-e.json-application/json]" time="0.001" /><testcase classname="tests.unit.router.test_router_comprehensive" name="test_format_selection_and_layers[1-f.yaml-application/x-yaml]" time="0.001" /><testcase classname="tests.unit.telemetry.test_telemetry_comprehensive" name="test_track_and_snapshot[Vault-64-32]" time="0.003" /><testcase classname="tests.unit.telemetry.test_telemetry_comprehensive" name="test_track_and_snapshot[Identity-0-0]" time="0.002" /><testcase classname="tests.unit.telemetry.test_telemetry_comprehensive" name="test_track_and_snapshot[Context-123-0]" time="0.002" /><testcase classname="tests.unit.telemetry.test_telemetry_comprehensive" name="test_track_and_snapshot[Preference-0-123]" time="0.003" /><testcase classname="tests.unit.holographic-memory.test_memory_comprehensive" name="test_write_hwp_v4_micro_roundtrip[64]" time="0.002" /><testcase classname="tests.unit.router.test_router_comprehensive" name="test_format_selection_and_layers[1-g.jpg-image/jpeg]" time="0.004" /><testcase classname="tests.unit.router.test_router_comprehensive" name="test_format_selection_and_layers[1-h.png-image/png]" time="0.001" /><testcase classname="tests.unit.router.test_router_comprehensive" name="test_format_selection_and_layers[1-i.ini-text/plain]" time="0.002" /><testcase classname="tests.unit.router.test_router_comprehensive" name="test_format_selection_and_layers[1-j.toml-text/plain]" time="0.001" /><testcase classname="tests.unit.router.test_router_comprehensive" name="test_format_selection_and_layers[1-k.log-text/plain]" time="0.002" /><testcase classname="tests.unit.dashboard.test_web_interface" name="test_dashboard_static_index_exists" time="0.003" /><testcase classname="tests.unit.vault.test_vault_comprehensive" name="test_detect_secrets_patterns[no secrets here-False]" time="0.001" /><testcase classname="tests.unit.vault.test_vault_comprehensive" name="test_detect_secrets_patterns[ghp_aaaaaaaaaaaaaaaaaaaaaaaaaaaaaa-True]" time="0.002" /><testcase classname="tests.unit.vault.test_vault_comprehensive" name="test_detect_secrets_patterns[Bearer abc.def.ghi-True]" time="0.003" /><testcase classname="tests.unit.vault.test_vault_comprehensive" name="test_detect_secrets_patterns[user: name\nnotes: nothing to see-False]" time="0.003" /><testcase classname="tests.unit.vault.test_vault_comprehensive" name="test_detect_secrets_entropy[16]" time="0.003" /><testcase classname="tests.unit.router.test_mathematical_routing" name="test_secret_content_routes_to_vault" time="0.003" /><testcase classname="tests.unit.router.test_router_comprehensive" name="test_format_selection_and_layers[1-l.rtf-application/rtf]" time="0.001" /><testcase classname="tests.unit.router.test_router_comprehensive" name="test_format_selection_and_layers[1-m.tex-text/plain]" time="0.001" /><testcase classname="tests.unit.router.test_router_comprehensive" name="test_format_selection_and_layers[1-n.tsv-text/tab-separated-values]" time="0.003" /><testcase classname="tests.unit.telemetry.test_telemetry_comprehensive" name="test_suggest_rebalancing[loads0-importance0-64]" time="0.004" /><testcase classname="tests.unit.telemetry.test_telemetry_comprehensive" name="test_suggest_rebalancing[loads1-importance1-1024]" time="0.001" /><testcase classname="tests.unit.router.test_router_comprehensive" name="test_format_selection_and_layers[1-o.bmp-image/bmp]" time="0.002" /><testcase classname="tests.unit.vault.test_vault_comprehensive" name="test_detect_secrets_entropy[32]" time="0.002" /><testcase classname="tests.unit.vault.test_vault_comprehensive" name="test_detect_secrets_entropy[64]" time="0.002" /><testcase classname="tests.unit.holographic-memory.test_memory_comprehensive" name="test_write_hwp_v4_micro_k8_header[8]" time="0.003"><failure message="TypeError: write_hwp_v4_micro_k8() got an unexpected keyword argument 'layers_count'">tests/unit/holographic-memory/test_memory_comprehensive.py:49: in test_write_hwp_v4_micro_k8_header
    write_hwp_v4_micro_k8(
E   TypeError: write_hwp_v4_micro_k8() got an unexpected keyword argument 'layers_count'</failure></testcase><testcase classname="tests.unit.router.test_router_comprehensive" name="test_format_selection_and_layers[1-p.tiff-image/tiff]" time="0.002" /><testcase classname="tests.unit.vault.test_vault_comprehensive" name="test_detect_secrets_entropy[128]" time="0.001" /><testcase classname="tests.unit.telemetry.test_telemetry_comprehensive" name="test_suggest_rebalancing[loads2-importance2-333]" time="0.010" /><testcase classname="tests.unit.router.test_router_comprehensive" name="test_format_selection_and_layers[1-q.doc-application/msword]" time="0.003" /><testcase classname="tests.unit.vault.test_vault_comprehensive" name="test_detect_secrets_entropy[256]" time="0.001" /><testcase classname="tests.unit.vault.test_vault_comprehensive" name="test_detect_secrets_entropy[512]" time="0.001" /><testcase classname="tests.unit.vault.test_vault_comprehensive" name="test_detect_secrets_entropy[1024]" time="0.002" /><testcase classname="tests.unit.math_core.test_dimension_optimizer_comprehensive" name="test_optimize_dimensions_budget_normalization[loads3-importance3-1024]" time="0.020" /><testcase classname="tests.unit.router.test_router_comprehensive" name="test_format_selection_and_layers[1-r.docx-application/vnd.openxmlformats-officedocument.wordprocessingml.document]" time="0.002" /><testcase classname="tests.unit.math_core.test_dimension_optimizer_comprehensive" name="test_optimize_dimensions_budget_normalization[loads4-importance4-1024]" time="0.001" /><testcase classname="tests.unit.telemetry.test_telemetry_comprehensive" name="test_suggest_rebalancing[loads3-importance3-11]" time="0.004" /><testcase classname="tests.unit.vault.test_vault_comprehensive" name="test_vault_id_uniqueness_and_format" time="0.005" /><testcase classname="tests.unit.math_core.test_dimension_optimizer_comprehensive" name="test_optimize_dimensions_budget_normalization[loads5-importance5-777]" time="0.003" /><testcase classname="tests.unit.router.test_router_comprehensive" name="test_format_selection_and_layers[1-s.xml-application/xml]" time="0.007" /><testcase classname="tests.unit.telemetry.test_telemetry_comprehensive" name="test_multiple_track_entries[entries0]" time="0.001" /><testcase classname="tests.unit.telemetry.test_telemetry_comprehensive" name="test_multiple_track_entries[entries1]" time="0.002" /><testcase classname="tests.unit.math_core.test_dimension_optimizer_comprehensive" name="test_optimize_dimensions_budget_normalization[loads6-importance6-9999]" time="0.002" /><testcase classname="tests.unit.math_core.test_dimension_optimizer_comprehensive" name="test_optimize_dimensions_budget_normalization[loads7-importance7-33]" time="0.001" /><testcase classname="tests.unit.router.test_router_comprehensive" name="test_format_selection_and_layers[1-t.html-text/html]" time="0.002" /><testcase classname="tests.unit.router.test_router_comprehensive" name="test_format_selection_and_layers[64-a.txt-text/plain]" time="0.002" /><testcase classname="tests.unit.telemetry.test_telemetry_comprehensive" name="test_multiple_track_entries[entries2]" time="0.001" /><testcase classname="tests.unit.telemetry.test_telemetry_comprehensive" name="test_multiple_track_entries[entries3]" time="0.002" /><testcase classname="tests.unit.router.test_router_comprehensive" name="test_format_selection_and_layers[64-b.md-text/markdown]" time="0.002" /><testcase classname="tests.unit.math_core.test_dimension_optimizer_comprehensive" name="test_optimize_dimensions_budget_normalization[loads8-importance8-4096]" time="0.002" /><testcase classname="tests.unit.math_core.test_dimension_optimizer_comprehensive" name="test_optimize_dimensions_budget_normalization[loads9-importance9-1024]" time="0.002" /><testcase classname="tests.unit.telemetry.test_telemetry_comprehensive" name="test_multiple_track_entries[entries4]" time="0.002" /><testcase classname="tests.unit.telemetry.test_telemetry_comprehensive" name="test_multiple_track_entries[entries5]" time="0.002" /><testcase classname="tests.unit.math_core.test_dimension_optimizer_comprehensive" name="test_optimize_dimensions_floors[floors0-10]" time="0.002"><failure message="AssertionError: assert (7 &gt;= 10 or 10 &lt; 10)&#10; +  where 7 = &lt;built-in method get of dict object at 0x1126c3b80&gt;('a', 0)&#10; +    where &lt;built-in method get of dict object at 0x1126c3b80&gt; = {'a': 7, 'b': 2, 'c': 1}.get&#10; +  and   10 = max(0, 10)&#10; +    where 10 = int(10)&#10; +  and   10 = sum(dict_values([10, 0, 0]))&#10; +    where dict_values([10, 0, 0]) = &lt;built-in method values of dict object at 0x11209b5c0&gt;()&#10; +      where &lt;built-in method values of dict object at 0x11209b5c0&gt; = {'a': 10, 'b': 0, 'c': 0}.values">tests/unit/math_core/test_dimension_optimizer_comprehensive.py:59: in test_optimize_dimensions_floors
    assert D.get(k, 0) &gt;= max(0, int(f)) or budget &lt; sum(floors.values())
E   AssertionError: assert (7 &gt;= 10 or 10 &lt; 10)
E    +  where 7 = &lt;built-in method get of dict object at 0x1126c3b80&gt;('a', 0)
E    +    where &lt;built-in method get of dict object at 0x1126c3b80&gt; = {'a': 7, 'b': 2, 'c': 1}.get
E    +  and   10 = max(0, 10)
E    +    where 10 = int(10)
E    +  and   10 = sum(dict_values([10, 0, 0]))
E    +    where dict_values([10, 0, 0]) = &lt;built-in method values of dict object at 0x11209b5c0&gt;()
E    +      where &lt;built-in method values of dict object at 0x11209b5c0&gt; = {'a': 10, 'b': 0, 'c': 0}.values</failure></testcase><testcase classname="tests.unit.router.test_router_comprehensive" name="test_format_selection_and_layers[64-c.pdf-application/pdf]" time="0.005" /><testcase classname="tests.unit.telemetry.test_telemetry_comprehensive" name="test_multiple_track_entries[entries6]" time="0.001" /><testcase classname="tests.unit.router.test_router_comprehensive" name="test_format_selection_and_layers[64-d.csv-text/csv]" time="0.002" /><testcase classname="tests.unit.router.test_router_comprehensive" name="test_format_selection_and_layers[64-e.json-application/json]" time="0.003" /><testcase classname="tests.unit.router.test_router_comprehensive" name="test_format_selection_and_layers[64-f.yaml-application/x-yaml]" time="0.004" /><testcase classname="tests.unit.router.test_router_comprehensive" name="test_format_selection_and_layers[64-g.jpg-image/jpeg]" time="0.002" /><testcase classname="tests.unit.router.test_router_comprehensive" name="test_format_selection_and_layers[64-h.png-image/png]" time="0.003" /><testcase classname="tests.unit.router.test_router_comprehensive" name="test_format_selection_and_layers[64-i.ini-text/plain]" time="0.004" /><testcase classname="tests.unit.router.test_router_comprehensive" name="test_format_selection_and_layers[64-j.toml-text/plain]" time="0.003" /><testcase classname="tests.unit.router.test_router_comprehensive" name="test_format_selection_and_layers[64-k.log-text/plain]" time="0.002" /><testcase classname="tests.unit.router.test_router_comprehensive" name="test_format_selection_and_layers[64-l.rtf-application/rtf]" time="0.002" /><testcase classname="tests.unit.router.test_router_comprehensive" name="test_format_selection_and_layers[64-m.tex-text/plain]" time="0.004" /><testcase classname="tests.unit.router.test_router_comprehensive" name="test_format_selection_and_layers[64-n.tsv-text/tab-separated-values]" time="0.005" /><testcase classname="tests.unit.router.test_router_comprehensive" name="test_format_selection_and_layers[64-o.bmp-image/bmp]" time="0.002" /><testcase classname="tests.unit.router.test_router_comprehensive" name="test_format_selection_and_layers[64-p.tiff-image/tiff]" time="0.005" /><testcase classname="tests.unit.router.test_router_comprehensive" name="test_format_selection_and_layers[64-q.doc-application/msword]" time="0.009" /><testcase classname="tests.unit.router.test_router_comprehensive" name="test_format_selection_and_layers[64-r.docx-application/vnd.openxmlformats-officedocument.wordprocessingml.document]" time="0.004" /><testcase classname="tests.unit.router.test_router_comprehensive" name="test_format_selection_and_layers[64-s.xml-application/xml]" time="0.002" /><testcase classname="tests.unit.router.test_router_comprehensive" name="test_format_selection_and_layers[64-t.html-text/html]" time="0.004" /><testcase classname="tests.unit.router.test_router_comprehensive" name="test_format_selection_and_layers[128-a.txt-text/plain]" time="0.002" /><testcase classname="tests.unit.orchestrator.test_orchestrator_core" name="test_get_system_status_contains_expected_keys" time="3.849" /><testcase classname="tests.unit.orchestrator.test_orchestrator_comprehensive" name="test_store_content_formats[100-b.md-text/markdown]" time="0.099" /><testcase classname="tests.unit.router.test_router_comprehensive" name="test_format_selection_and_layers[128-b.md-text/markdown]" time="0.003" /><testcase classname="tests.unit.router.test_router_comprehensive" name="test_format_selection_and_layers[128-c.pdf-application/pdf]" time="0.003" /><testcase classname="tests.unit.router.test_router_comprehensive" name="test_format_selection_and_layers[128-d.csv-text/csv]" time="0.003" /><testcase classname="tests.unit.router.test_router_comprehensive" name="test_format_selection_and_layers[128-e.json-application/json]" time="0.002" /><testcase classname="tests.unit.router.test_router_comprehensive" name="test_format_selection_and_layers[128-f.yaml-application/x-yaml]" time="0.002" /><testcase classname="tests.unit.router.test_router_comprehensive" name="test_format_selection_and_layers[128-g.jpg-image/jpeg]" time="0.002" /><testcase classname="tests.unit.router.test_router_comprehensive" name="test_format_selection_and_layers[128-h.png-image/png]" time="0.003" /><testcase classname="tests.unit.router.test_router_comprehensive" name="test_format_selection_and_layers[128-i.ini-text/plain]" time="0.003" /><testcase classname="tests.unit.router.test_router_comprehensive" name="test_format_selection_and_layers[128-j.toml-text/plain]" time="0.005" /><testcase classname="tests.unit.router.test_router_comprehensive" name="test_format_selection_and_layers[128-k.log-text/plain]" time="0.006" /><testcase classname="tests.unit.router.test_router_comprehensive" name="test_format_selection_and_layers[128-l.rtf-application/rtf]" time="0.005" /><testcase classname="tests.unit.router.test_router_comprehensive" name="test_format_selection_and_layers[128-m.tex-text/plain]" time="0.004" /><testcase classname="tests.unit.router.test_router_comprehensive" name="test_format_selection_and_layers[128-n.tsv-text/tab-separated-values]" time="0.003" /><testcase classname="tests.unit.router.test_router_comprehensive" name="test_format_selection_and_layers[128-o.bmp-image/bmp]" time="0.005" /><testcase classname="tests.unit.router.test_router_comprehensive" name="test_format_selection_and_layers[128-p.tiff-image/tiff]" time="0.010" /><testcase classname="tests.unit.orchestrator.test_orchestrator_comprehensive" name="test_store_content_formats[256-c.cfg-text/plain]" time="0.121" /><testcase classname="tests.unit.router.test_router_comprehensive" name="test_format_selection_and_layers[128-q.doc-application/msword]" time="0.010" /><testcase classname="tests.unit.router.test_router_comprehensive" name="test_format_selection_and_layers[128-r.docx-application/vnd.openxmlformats-officedocument.wordprocessingml.document]" time="0.002" /><testcase classname="tests.unit.router.test_router_comprehensive" name="test_format_selection_and_layers[128-s.xml-application/xml]" time="0.005" /><testcase classname="tests.unit.router.test_router_comprehensive" name="test_format_selection_and_layers[128-t.html-text/html]" time="0.004" /><testcase classname="tests.unit.router.test_router_comprehensive" name="test_format_selection_and_layers[256-a.txt-text/plain]" time="0.005" /><testcase classname="tests.unit.router.test_router_comprehensive" name="test_format_selection_and_layers[256-b.md-text/markdown]" time="0.003" /><testcase classname="tests.unit.router.test_router_comprehensive" name="test_format_selection_and_layers[256-c.pdf-application/pdf]" time="0.003" /><testcase classname="tests.unit.router.test_router_comprehensive" name="test_format_selection_and_layers[256-d.csv-text/csv]" time="0.002" /><testcase classname="tests.unit.router.test_router_comprehensive" name="test_format_selection_and_layers[256-e.json-application/json]" time="0.006" /><testcase classname="tests.unit.router.test_router_comprehensive" name="test_format_selection_and_layers[256-f.yaml-application/x-yaml]" time="0.002" /><testcase classname="tests.unit.router.test_router_comprehensive" name="test_format_selection_and_layers[256-g.jpg-image/jpeg]" time="0.004" /><testcase classname="tests.unit.router.test_router_comprehensive" name="test_format_selection_and_layers[256-h.png-image/png]" time="0.002" /><testcase classname="tests.unit.router.test_router_comprehensive" name="test_format_selection_and_layers[256-i.ini-text/plain]" time="0.002" /><testcase classname="tests.unit.router.test_router_comprehensive" name="test_format_selection_and_layers[256-j.toml-text/plain]" time="0.008" /><testcase classname="tests.unit.router.test_router_comprehensive" name="test_format_selection_and_layers[256-k.log-text/plain]" time="0.003" /><testcase classname="tests.unit.router.test_router_comprehensive" name="test_format_selection_and_layers[256-l.rtf-application/rtf]" time="0.004" /><testcase classname="tests.unit.router.test_router_comprehensive" name="test_format_selection_and_layers[256-m.tex-text/plain]" time="0.005" /><testcase classname="tests.unit.router.test_router_comprehensive" name="test_format_selection_and_layers[256-n.tsv-text/tab-separated-values]" time="0.002" /><testcase classname="tests.unit.router.test_router_comprehensive" name="test_format_selection_and_layers[256-o.bmp-image/bmp]" time="0.002" /><testcase classname="tests.unit.router.test_router_comprehensive" name="test_format_selection_and_layers[256-p.tiff-image/tiff]" time="0.002" /><testcase classname="tests.unit.router.test_router_comprehensive" name="test_format_selection_and_layers[256-q.doc-application/msword]" time="0.003" /><testcase classname="tests.unit.orchestrator.test_orchestrator_comprehensive" name="test_store_content_formats[600-d.json-application/json]" time="0.185" /><testcase classname="tests.unit.router.test_router_comprehensive" name="test_format_selection_and_layers[256-r.docx-application/vnd.openxmlformats-officedocument.wordprocessingml.document]" time="0.004" /><testcase classname="tests.unit.router.test_router_comprehensive" name="test_format_selection_and_layers[256-s.xml-application/xml]" time="0.002" /><testcase classname="tests.unit.router.test_router_comprehensive" name="test_format_selection_and_layers[256-t.html-text/html]" time="0.002" /><testcase classname="tests.unit.router.test_router_comprehensive" name="test_format_selection_and_layers[600-a.txt-text/plain]" time="0.006" /><testcase classname="tests.unit.router.test_router_comprehensive" name="test_format_selection_and_layers[600-b.md-text/markdown]" time="0.005" /><testcase classname="tests.unit.router.test_router_comprehensive" name="test_format_selection_and_layers[600-c.pdf-application/pdf]" time="0.003" /><testcase classname="tests.unit.router.test_router_comprehensive" name="test_format_selection_and_layers[600-d.csv-text/csv]" time="0.002" /><testcase classname="tests.unit.router.test_router_comprehensive" name="test_format_selection_and_layers[600-e.json-application/json]" time="0.009" /><testcase classname="tests.unit.router.test_router_comprehensive" name="test_format_selection_and_layers[600-f.yaml-application/x-yaml]" time="0.007" /><testcase classname="tests.unit.router.test_router_comprehensive" name="test_format_selection_and_layers[600-g.jpg-image/jpeg]" time="0.003" /><testcase classname="tests.unit.router.test_router_comprehensive" name="test_format_selection_and_layers[600-h.png-image/png]" time="0.003" /><testcase classname="tests.unit.router.test_router_comprehensive" name="test_format_selection_and_layers[600-i.ini-text/plain]" time="0.004" /><testcase classname="tests.unit.router.test_router_comprehensive" name="test_format_selection_and_layers[600-j.toml-text/plain]" time="0.005" /><testcase classname="tests.unit.router.test_router_comprehensive" name="test_format_selection_and_layers[600-k.log-text/plain]" time="0.003" /><testcase classname="tests.unit.router.test_router_comprehensive" name="test_format_selection_and_layers[600-l.rtf-application/rtf]" time="0.005" /><testcase classname="tests.unit.router.test_router_comprehensive" name="test_format_selection_and_layers[600-m.tex-text/plain]" time="0.003" /><testcase classname="tests.unit.router.test_router_comprehensive" name="test_format_selection_and_layers[600-n.tsv-text/tab-separated-values]" time="0.006" /><testcase classname="tests.unit.router.test_router_comprehensive" name="test_format_selection_and_layers[600-o.bmp-image/bmp]" time="0.004" /><testcase classname="tests.unit.router.test_router_comprehensive" name="test_format_selection_and_layers[600-p.tiff-image/tiff]" time="0.002" /><testcase classname="tests.unit.router.test_router_comprehensive" name="test_format_selection_and_layers[600-q.doc-application/msword]" time="0.005" /><testcase classname="tests.unit.router.test_router_comprehensive" name="test_format_selection_and_layers[600-r.docx-application/vnd.openxmlformats-officedocument.wordprocessingml.document]" time="0.005" /><testcase classname="tests.unit.router.test_router_comprehensive" name="test_format_selection_and_layers[600-s.xml-application/xml]" time="0.003" /><testcase classname="tests.unit.router.test_router_comprehensive" name="test_format_selection_and_layers[600-t.html-text/html]" time="0.004" /><testcase classname="tests.unit.router.test_router_comprehensive" name="test_format_selection_and_layers[1024-a.txt-text/plain]" time="0.006" /><testcase classname="tests.unit.router.test_router_comprehensive" name="test_format_selection_and_layers[1024-b.md-text/markdown]" time="0.004" /><testcase classname="tests.unit.router.test_router_comprehensive" name="test_format_selection_and_layers[1024-c.pdf-application/pdf]" time="0.006" /><testcase classname="tests.unit.router.test_router_comprehensive" name="test_format_selection_and_layers[1024-d.csv-text/csv]" time="0.004" /><testcase classname="tests.unit.router.test_router_comprehensive" name="test_format_selection_and_layers[1024-e.json-application/json]" time="0.004" /><testcase classname="tests.unit.router.test_router_comprehensive" name="test_format_selection_and_layers[1024-f.yaml-application/x-yaml]" time="0.004" /><testcase classname="tests.unit.router.test_router_comprehensive" name="test_format_selection_and_layers[1024-g.jpg-image/jpeg]" time="0.005" /><testcase classname="tests.unit.router.test_router_comprehensive" name="test_format_selection_and_layers[1024-h.png-image/png]" time="0.004" /><testcase classname="tests.unit.router.test_router_comprehensive" name="test_format_selection_and_layers[1024-i.ini-text/plain]" time="0.004" /><testcase classname="tests.unit.router.test_router_comprehensive" name="test_format_selection_and_layers[1024-j.toml-text/plain]" time="0.005" /><testcase classname="tests.unit.orchestrator.test_orchestrator_comprehensive" name="test_store_content_formats[1024-e.pdf-application/pdf]" time="0.140" /><testcase classname="tests.unit.router.test_router_comprehensive" name="test_format_selection_and_layers[1024-k.log-text/plain]" time="0.003" /><testcase classname="tests.unit.router.test_router_comprehensive" name="test_format_selection_and_layers[1024-l.rtf-application/rtf]" time="0.003" /><testcase classname="tests.unit.router.test_router_comprehensive" name="test_format_selection_and_layers[1024-m.tex-text/plain]" time="0.004" /><testcase classname="tests.unit.router.test_router_comprehensive" name="test_format_selection_and_layers[1024-n.tsv-text/tab-separated-values]" time="0.003" /><testcase classname="tests.unit.router.test_router_comprehensive" name="test_format_selection_and_layers[1024-o.bmp-image/bmp]" time="0.004" /><testcase classname="tests.unit.router.test_router_comprehensive" name="test_format_selection_and_layers[1024-p.tiff-image/tiff]" time="0.003" /><testcase classname="tests.unit.router.test_router_comprehensive" name="test_format_selection_and_layers[1024-q.doc-application/msword]" time="0.004" /><testcase classname="tests.unit.router.test_router_comprehensive" name="test_format_selection_and_layers[1024-r.docx-application/vnd.openxmlformats-officedocument.wordprocessingml.document]" time="0.004" /><testcase classname="tests.unit.router.test_router_comprehensive" name="test_format_selection_and_layers[1024-s.xml-application/xml]" time="0.004" /><testcase classname="tests.unit.router.test_router_comprehensive" name="test_format_selection_and_layers[1024-t.html-text/html]" time="0.004" /><testcase classname="tests.unit.router.test_router_comprehensive" name="test_format_selection_and_layers[1500-a.txt-text/plain]" time="0.005" /><testcase classname="tests.unit.router.test_router_comprehensive" name="test_format_selection_and_layers[1500-b.md-text/markdown]" time="0.005" /><testcase classname="tests.unit.router.test_router_comprehensive" name="test_format_selection_and_layers[1500-c.pdf-application/pdf]" time="0.005" /><testcase classname="tests.unit.router.test_router_comprehensive" name="test_format_selection_and_layers[1500-d.csv-text/csv]" time="0.005" /><testcase classname="tests.unit.router.test_router_comprehensive" name="test_format_selection_and_layers[1500-e.json-application/json]" time="0.006" /><testcase classname="tests.unit.router.test_router_comprehensive" name="test_format_selection_and_layers[1500-f.yaml-application/x-yaml]" time="0.005" /><testcase classname="tests.unit.router.test_router_comprehensive" name="test_format_selection_and_layers[1500-g.jpg-image/jpeg]" time="0.006" /><testcase classname="tests.unit.router.test_router_comprehensive" name="test_format_selection_and_layers[1500-h.png-image/png]" time="0.008" /><testcase classname="tests.unit.router.test_router_comprehensive" name="test_format_selection_and_layers[1500-i.ini-text/plain]" time="0.005" /><testcase classname="tests.unit.router.test_router_comprehensive" name="test_format_selection_and_layers[1500-j.toml-text/plain]" time="0.005" /><testcase classname="tests.unit.router.test_router_comprehensive" name="test_format_selection_and_layers[1500-k.log-text/plain]" time="0.005" /><testcase classname="tests.unit.router.test_router_comprehensive" name="test_format_selection_and_layers[1500-l.rtf-application/rtf]" time="0.006" /><testcase classname="tests.unit.router.test_router_comprehensive" name="test_format_selection_and_layers[1500-m.tex-text/plain]" time="0.005" /><testcase classname="tests.unit.router.test_router_comprehensive" name="test_format_selection_and_layers[1500-n.tsv-text/tab-separated-values]" time="0.005" /><testcase classname="tests.unit.orchestrator.test_orchestrator_comprehensive" name="test_store_content_formats[5000-f.bin-application/octet-stream]" time="0.110" /><testcase classname="tests.unit.router.test_router_comprehensive" name="test_format_selection_and_layers[1500-o.bmp-image/bmp]" time="0.005" /><testcase classname="tests.unit.router.test_router_comprehensive" name="test_format_selection_and_layers[1500-p.tiff-image/tiff]" time="0.005" /><testcase classname="tests.unit.router.test_router_comprehensive" name="test_format_selection_and_layers[1500-q.doc-application/msword]" time="0.006" /><testcase classname="tests.unit.router.test_router_comprehensive" name="test_format_selection_and_layers[1500-r.docx-application/vnd.openxmlformats-officedocument.wordprocessingml.document]" time="0.005" /><testcase classname="tests.unit.router.test_router_comprehensive" name="test_format_selection_and_layers[1500-s.xml-application/xml]" time="0.006" /><testcase classname="tests.unit.router.test_router_comprehensive" name="test_format_selection_and_layers[1500-t.html-text/html]" time="0.005" /><testcase classname="tests.unit.router.test_router_comprehensive" name="test_format_selection_and_layers[5000-a.txt-text/plain]" time="0.033" /><testcase classname="tests.unit.router.test_router_comprehensive" name="test_format_selection_and_layers[5000-b.md-text/markdown]" time="0.032" /><testcase classname="tests.unit.orchestrator.test_orchestrator_comprehensive" name="test_store_content_vault[API_KEY=xyz]" time="0.012" /><testcase classname="tests.unit.router.test_router_comprehensive" name="test_format_selection_and_layers[5000-c.pdf-application/pdf]" time="0.033" /><testcase classname="tests.unit.orchestrator.test_orchestrator_comprehensive" name="test_store_content_vault[password=secret]" time="0.011" /><testcase classname="tests.unit.orchestrator.test_orchestrator_comprehensive" name="test_store_content_vault[Bearer abc.def.ghi]" time="0.025" /><testcase classname="tests.unit.router.test_router_comprehensive" name="test_format_selection_and_layers[5000-d.csv-text/csv]" time="0.035" /><testcase classname="tests.unit.orchestrator.test_orchestrator_comprehensive" name="test_store_content_vault[ghp_aaaaaaaaaaaaaaaaaaaaaaaaaaaaaa]" time="0.019" /><testcase classname="tests.unit.router.test_router_comprehensive" name="test_format_selection_and_layers[5000-e.json-application/json]" time="0.033" /><testcase classname="tests.unit.orchestrator.test_orchestrator_comprehensive" name="test_retrieve_roundtrip" time="0.210" /><testcase classname="tests.unit.router.test_router_comprehensive" name="test_format_selection_and_layers[5000-f.yaml-application/x-yaml]" time="0.032" /><testcase classname="tests.unit.router.test_router_comprehensive" name="test_format_selection_and_layers[5000-g.jpg-image/jpeg]" time="0.032" /><testcase classname="tests.unit.router.test_router_comprehensive" name="test_format_selection_and_layers[5000-h.png-image/png]" time="0.035" /><testcase classname="tests.unit.router.test_router_comprehensive" name="test_format_selection_and_layers[5000-i.ini-text/plain]" time="0.031" /><testcase classname="tests.unit.router.test_router_comprehensive" name="test_format_selection_and_layers[5000-j.toml-text/plain]" time="0.031" /><testcase classname="tests.unit.router.test_router_comprehensive" name="test_format_selection_and_layers[5000-k.log-text/plain]" time="0.032" /><testcase classname="tests.unit.orchestrator.test_orchestrator_comprehensive" name="test_system_status_shape" time="0.015"><failure message="AttributeError: 'coroutine' object has no attribute 'keys'">tests/unit/orchestrator/test_orchestrator_comprehensive.py:69: in test_system_status_shape
    assert set(status.keys()) &gt;= {"memory_status", "layer_dimensions", "current_loads", "telemetry"}
               ^^^^^^^^^^^
E   AttributeError: 'coroutine' object has no attribute 'keys'</failure></testcase><testcase classname="tests.unit.router.test_router_comprehensive" name="test_format_selection_and_layers[5000-l.rtf-application/rtf]" time="0.034" /><testcase classname="tests.unit.router.test_router_comprehensive" name="test_format_selection_and_layers[5000-m.tex-text/plain]" time="0.033" /><testcase classname="tests.unit.router.test_router_comprehensive" name="test_format_selection_and_layers[5000-n.tsv-text/tab-separated-values]" time="0.031" /><testcase classname="tests.unit.router.test_router_comprehensive" name="test_format_selection_and_layers[5000-o.bmp-image/bmp]" time="0.032" /><testcase classname="tests.unit.router.test_router_comprehensive" name="test_format_selection_and_layers[5000-p.tiff-image/tiff]" time="0.032" /><testcase classname="tests.unit.router.test_router_comprehensive" name="test_format_selection_and_layers[5000-q.doc-application/msword]" time="0.034" /><testcase classname="tests.unit.router.test_router_comprehensive" name="test_format_selection_and_layers[5000-r.docx-application/vnd.openxmlformats-officedocument.wordprocessingml.document]" time="0.032" /><testcase classname="tests.unit.router.test_router_comprehensive" name="test_format_selection_and_layers[5000-s.xml-application/xml]" time="0.032" /><testcase classname="tests.unit.router.test_router_comprehensive" name="test_format_selection_and_layers[5000-t.html-text/html]" time="0.034" /><testcase classname="tests.unit.router.test_router_comprehensive" name="test_secret_detection_routes_to_vault[api_key=XYZ]" time="0.004" /><testcase classname="tests.unit.router.test_router_comprehensive" name="test_secret_detection_routes_to_vault[password=secret]" time="0.005" /><testcase classname="tests.unit.router.test_router_comprehensive" name="test_secret_detection_routes_to_vault[token: ghp_abcdefghijklmnopqrstuvwxyz1234]" time="0.001" /><testcase classname="tests.unit.router.test_router_comprehensive" name="test_secret_detection_routes_to_vault[eyJhbGciOiJIUzI1NiIsInR5cCI6IkpXVCJ9.e30.signature]" time="0.002" /><testcase classname="tests.unit.router.test_router_comprehensive" name="test_secret_detection_routes_to_vault[AWS_SECRET_ACCESS_KEY=AKIA...]" time="0.002" /><testcase classname="tests.unit.router.test_router_comprehensive" name="test_secret_detection_routes_to_vault[Bearer abc.def.ghi]" time="0.001" /><testcase classname="tests.unit.router.test_router_comprehensive" name="test_threshold_env_overrides[256-1024-1-micro]" time="0.003" /><testcase classname="tests.unit.router.test_router_comprehensive" name="test_threshold_env_overrides[256-1024-256-micro]" time="0.002" /><testcase classname="tests.unit.router.test_router_comprehensive" name="test_threshold_env_overrides[256-1024-257-microK8]" time="0.005" /><testcase classname="tests.unit.router.test_router_comprehensive" name="test_threshold_env_overrides[256-1024-1024-microK8]" time="0.003" /><testcase classname="tests.unit.router.test_router_comprehensive" name="test_threshold_env_overrides[256-1024-1025-v4]" time="0.004" /><testcase classname="tests.unit.router.test_router_comprehensive" name="test_threshold_env_overrides[128-512-128-micro]" time="0.002" /><testcase classname="tests.unit.router.test_router_comprehensive" name="test_threshold_env_overrides[128-512-400-microK8]" time="0.003" /><testcase classname="tests.unit.router.test_router_comprehensive" name="test_threshold_env_overrides[128-512-513-v4]" time="0.002" /><testcase classname="tests.unit.router.test_router_comprehensive" name="test_threshold_env_overrides[1-2-3-v4]" time="0.003" /><testcase classname="tests.unit.router.test_router_comprehensive" name="test_threshold_env_overrides[1024-1024-1025-v4]" time="0.003" /><testcase classname="tests.unit.router.test_router_comprehensive" name="test_layer_assignment_weight_normalization[32-report.pdf-application/pdf]" time="0.004" /><testcase classname="tests.unit.router.test_router_comprehensive" name="test_layer_assignment_weight_normalization[32-notes.txt-text/plain]" time="0.002" /><testcase classname="tests.unit.router.test_router_comprehensive" name="test_layer_assignment_weight_normalization[32-data.csv-text/csv]" time="0.001" /><testcase classname="tests.unit.router.test_router_comprehensive" name="test_layer_assignment_weight_normalization[32-config.yaml-application/x-yaml]" time="0.001" /><testcase classname="tests.unit.router.test_router_comprehensive" name="test_layer_assignment_weight_normalization[32-image.png-image/png]" time="0.002" /><testcase classname="tests.unit.router.test_router_comprehensive" name="test_layer_assignment_weight_normalization[32-photo.jpg-image/jpeg]" time="0.002" /><testcase classname="tests.unit.router.test_router_comprehensive" name="test_layer_assignment_weight_normalization[32-doc.docx-application/vnd.openxmlformats-officedocument.wordprocessingml.document]" time="0.002" /><testcase classname="tests.unit.router.test_router_comprehensive" name="test_layer_assignment_weight_normalization[32-paper.tex-text/plain]" time="0.005" /><testcase classname="tests.unit.router.test_router_comprehensive" name="test_layer_assignment_weight_normalization[32-table.tsv-text/tab-separated-values]" time="0.003" /><testcase classname="tests.unit.router.test_router_comprehensive" name="test_layer_assignment_weight_normalization[32-prefs.ini-text/plain]" time="0.001" /><testcase classname="tests.unit.router.test_router_comprehensive" name="test_layer_assignment_weight_normalization[32-prefs.toml-text/plain]" time="0.001" /><testcase classname="tests.unit.router.test_router_comprehensive" name="test_layer_assignment_weight_normalization[32-binary.bin-application/octet-stream]" time="0.002" /><testcase classname="tests.unit.router.test_router_comprehensive" name="test_layer_assignment_weight_normalization[32-archive.log-text/plain]" time="0.002" /><testcase classname="tests.unit.router.test_router_comprehensive" name="test_layer_assignment_weight_normalization[32-vector.bmp-image/bmp]" time="0.001" /><testcase classname="tests.unit.router.test_router_comprehensive" name="test_layer_assignment_weight_normalization[32-scan.tiff-image/tiff]" time="0.003" /><testcase classname="tests.unit.router.test_router_comprehensive" name="test_layer_assignment_weight_normalization[128-report.pdf-application/pdf]" time="0.002" /><testcase classname="tests.unit.router.test_router_comprehensive" name="test_layer_assignment_weight_normalization[128-notes.txt-text/plain]" time="0.002" /><testcase classname="tests.unit.router.test_router_comprehensive" name="test_layer_assignment_weight_normalization[128-data.csv-text/csv]" time="0.002" /><testcase classname="tests.unit.router.test_router_comprehensive" name="test_layer_assignment_weight_normalization[128-config.yaml-application/x-yaml]" time="0.002" /><testcase classname="tests.unit.router.test_router_comprehensive" name="test_layer_assignment_weight_normalization[128-image.png-image/png]" time="0.002" /><testcase classname="tests.unit.router.test_router_comprehensive" name="test_layer_assignment_weight_normalization[128-photo.jpg-image/jpeg]" time="0.002" /><testcase classname="tests.unit.router.test_router_comprehensive" name="test_layer_assignment_weight_normalization[128-doc.docx-application/vnd.openxmlformats-officedocument.wordprocessingml.document]" time="0.002" /><testcase classname="tests.unit.router.test_router_comprehensive" name="test_layer_assignment_weight_normalization[128-paper.tex-text/plain]" time="0.002" /><testcase classname="tests.unit.router.test_router_comprehensive" name="test_layer_assignment_weight_normalization[128-table.tsv-text/tab-separated-values]" time="0.004" /><testcase classname="tests.unit.router.test_router_comprehensive" name="test_layer_assignment_weight_normalization[128-prefs.ini-text/plain]" time="0.002" /><testcase classname="tests.unit.router.test_router_comprehensive" name="test_layer_assignment_weight_normalization[128-prefs.toml-text/plain]" time="0.002" /><testcase classname="tests.unit.router.test_router_comprehensive" name="test_layer_assignment_weight_normalization[128-binary.bin-application/octet-stream]" time="0.002" /><testcase classname="tests.unit.router.test_router_comprehensive" name="test_layer_assignment_weight_normalization[128-archive.log-text/plain]" time="0.001" /><testcase classname="tests.unit.router.test_router_comprehensive" name="test_layer_assignment_weight_normalization[128-vector.bmp-image/bmp]" time="0.002" /><testcase classname="tests.unit.router.test_router_comprehensive" name="test_layer_assignment_weight_normalization[128-scan.tiff-image/tiff]" time="0.004" /><testcase classname="tests.unit.router.test_router_comprehensive" name="test_layer_assignment_weight_normalization[512-report.pdf-application/pdf]" time="0.007" /><testcase classname="tests.unit.router.test_router_comprehensive" name="test_layer_assignment_weight_normalization[512-notes.txt-text/plain]" time="0.003" /><testcase classname="tests.unit.router.test_router_comprehensive" name="test_layer_assignment_weight_normalization[512-data.csv-text/csv]" time="0.003" /><testcase classname="tests.unit.router.test_router_comprehensive" name="test_layer_assignment_weight_normalization[512-config.yaml-application/x-yaml]" time="0.002" /><testcase classname="tests.unit.router.test_router_comprehensive" name="test_layer_assignment_weight_normalization[512-image.png-image/png]" time="0.002" /><testcase classname="tests.unit.router.test_router_comprehensive" name="test_layer_assignment_weight_normalization[512-photo.jpg-image/jpeg]" time="0.002" /><testcase classname="tests.unit.router.test_router_comprehensive" name="test_layer_assignment_weight_normalization[512-doc.docx-application/vnd.openxmlformats-officedocument.wordprocessingml.document]" time="0.002" /><testcase classname="tests.unit.router.test_router_comprehensive" name="test_layer_assignment_weight_normalization[512-paper.tex-text/plain]" time="0.012" /><testcase classname="tests.unit.router.test_router_comprehensive" name="test_layer_assignment_weight_normalization[512-table.tsv-text/tab-separated-values]" time="0.002" /><testcase classname="tests.unit.router.test_router_comprehensive" name="test_layer_assignment_weight_normalization[512-prefs.ini-text/plain]" time="0.002" /><testcase classname="tests.unit.router.test_router_comprehensive" name="test_layer_assignment_weight_normalization[512-prefs.toml-text/plain]" time="0.004" /><testcase classname="tests.unit.router.test_router_comprehensive" name="test_layer_assignment_weight_normalization[512-binary.bin-application/octet-stream]" time="0.002" /><testcase classname="tests.unit.router.test_router_comprehensive" name="test_layer_assignment_weight_normalization[512-archive.log-text/plain]" time="0.002" /><testcase classname="tests.unit.router.test_router_comprehensive" name="test_layer_assignment_weight_normalization[512-vector.bmp-image/bmp]" time="0.010" /><testcase classname="tests.unit.router.test_router_comprehensive" name="test_layer_assignment_weight_normalization[512-scan.tiff-image/tiff]" time="0.002" /><testcase classname="tests.unit.router.test_router_comprehensive" name="test_layer_assignment_weight_normalization[2048-report.pdf-application/pdf]" time="0.007" /><testcase classname="tests.unit.router.test_router_comprehensive" name="test_layer_assignment_weight_normalization[2048-notes.txt-text/plain]" time="0.007" /><testcase classname="tests.unit.router.test_router_comprehensive" name="test_layer_assignment_weight_normalization[2048-data.csv-text/csv]" time="0.008" /><testcase classname="tests.unit.router.test_router_comprehensive" name="test_layer_assignment_weight_normalization[2048-config.yaml-application/x-yaml]" time="0.008" /><testcase classname="tests.unit.router.test_router_comprehensive" name="test_layer_assignment_weight_normalization[2048-image.png-image/png]" time="0.008" /><testcase classname="tests.unit.router.test_router_comprehensive" name="test_layer_assignment_weight_normalization[2048-photo.jpg-image/jpeg]" time="0.008" /><testcase classname="tests.unit.router.test_router_comprehensive" name="test_layer_assignment_weight_normalization[2048-doc.docx-application/vnd.openxmlformats-officedocument.wordprocessingml.document]" time="0.008" /><testcase classname="tests.unit.router.test_router_comprehensive" name="test_layer_assignment_weight_normalization[2048-paper.tex-text/plain]" time="0.008" /><testcase classname="tests.unit.router.test_router_comprehensive" name="test_layer_assignment_weight_normalization[2048-table.tsv-text/tab-separated-values]" time="0.009" /><testcase classname="tests.unit.router.test_router_comprehensive" name="test_layer_assignment_weight_normalization[2048-prefs.ini-text/plain]" time="0.007" /><testcase classname="tests.unit.router.test_router_comprehensive" name="test_layer_assignment_weight_normalization[2048-prefs.toml-text/plain]" time="0.010" /><testcase classname="tests.unit.router.test_router_comprehensive" name="test_layer_assignment_weight_normalization[2048-binary.bin-application/octet-stream]" time="0.008" /><testcase classname="tests.unit.router.test_router_comprehensive" name="test_layer_assignment_weight_normalization[2048-archive.log-text/plain]" time="0.012" /><testcase classname="tests.unit.router.test_router_comprehensive" name="test_layer_assignment_weight_normalization[2048-vector.bmp-image/bmp]" time="0.008" /><testcase classname="tests.unit.router.test_router_comprehensive" name="test_layer_assignment_weight_normalization[2048-scan.tiff-image/tiff]" time="0.022" /><testcase classname="tests.unit.orchestrator.test_failure_handling" name="test_retrieve_unknown_doc_returns_empty" time="3.214"><failure message="RuntimeError: No holographic retrieval path available for doc_id">tests/unit/orchestrator/test_failure_handling.py:29: in test_retrieve_unknown_doc_returns_empty
    got = orch.retrieve_content("deadbeefdeadbeef")
          ^^^^^^^^^^^^^^^^^^^^^^^^^^^^^^^^^^^^^^^^^
services/orchestrator/orchestrator.py:154: in retrieve_content
    content = self.memory.retrieve_bytes(doc_id)
              ^^^^^^^^^^^^^^^^^^^^^^^^^^^^^^^^^^
services/holographic-memory/core/holographicfs/memory.py:405: in retrieve_bytes
    raise RuntimeError("No holographic retrieval path available for doc_id")
E   RuntimeError: No holographic retrieval path available for doc_id</failure></testcase><testcase time="0.001" /></testsuite></testsuites>