<?xml version="1.0" encoding="utf-8"?><testsuites name="pytest tests"><testsuite name="pytest" errors="0" failures="0" skipped="0" tests="7" time="2.166" timestamp="2025-09-10T20:32:29.564712-04:00" hostname="Philips-Mac-Studio.local"><testcase classname="tests.unit.holographic-memory.test_memory_comprehensive" name="test_write_hwp_v4_micro_roundtrip[1]" time="0.065" /><testcase classname="tests.unit.holographic-memory.test_memory_comprehensive" name="test_write_hwp_v4_micro_roundtrip[2]" time="0.014" /><testcase classname="tests.unit.holographic-memory.test_memory_comprehensive" name="test_write_hwp_v4_micro_roundtrip[4]" time="0.002" /><testcase classname="tests.unit.holographic-memory.test_memory_comprehensive" name="test_write_hwp_v4_micro_roundtrip[8]" time="0.001" /><testcase classname="tests.unit.holographic-memory.test_memory_comprehensive" name="test_write_hwp_v4_micro_roundtrip[16]" time="0.001" /><testcase classname="tests.unit.holographic-memory.test_memory_comprehensive" name="test_write_hwp_v4_micro_roundtrip[32]" time="0.001" /><testcase classname="tests.unit.holographic-memory.test_memory_comprehensive" name="test_write_hwp_v4_micro_roundtrip[64]" time="0.004" /></testsuite></testsuites>