<?xml version="1.0" encoding="utf-8"?><testsuites name="pytest tests"><testsuite name="pytest" errors="0" failures="0" skipped="6" tests="6" time="3.576" timestamp="2025-09-12T09:43:35.817091-04:00" hostname="Philips-Mac-Studio.local"><testcase classname="services.holographic-memory.core.tests.test_ecc_bounds" name="test_rs255_223_corrects_up_to_t[0]" time="0.001"><skipped type="pytest.skip" message="GPU backend not available for ECC tests">/Users/smarthaus/Projects/GitHub/HolographicMemory/services/holographic-memory/core/tests/test_ecc_bounds.py:30: GPU backend not available for ECC tests</skipped></testcase><testcase classname="services.holographic-memory.core.tests.test_ecc_bounds" name="test_rs255_223_corrects_up_to_t[1]" time="0.000"><skipped type="pytest.skip" message="GPU backend not available for ECC tests">/Users/smarthaus/Projects/GitHub/HolographicMemory/services/holographic-memory/core/tests/test_ecc_bounds.py:30: GPU backend not available for ECC tests</skipped></testcase><testcase classname="services.holographic-memory.core.tests.test_ecc_bounds" name="test_rs255_223_corrects_up_to_t[8]" time="0.001"><skipped type="pytest.skip" message="GPU backend not available for ECC tests">/Users/smarthaus/Projects/GitHub/HolographicMemory/services/holographic-memory/core/tests/test_ecc_bounds.py:30: GPU backend not available for ECC tests</skipped></testcase><testcase classname="services.holographic-memory.core.tests.test_ecc_bounds" name="test_rs255_223_corrects_up_to_t[16]" time="0.000"><skipped type="pytest.skip" message="GPU backend not available for ECC tests">/Users/smarthaus/Projects/GitHub/HolographicMemory/services/holographic-memory/core/tests/test_ecc_bounds.py:30: GPU backend not available for ECC tests</skipped></testcase><testcase classname="services.holographic-memory.core.tests.test_ecc_bounds" name="test_rs255_223_fails_above_t_in_one_block" time="0.000"><skipped type="pytest.skip" message="GPU backend not available for ECC tests">/Users/smarthaus/Projects/GitHub/HolographicMemory/services/holographic-memory/core/tests/test_ecc_bounds.py:55: GPU backend not available for ECC tests</skipped></testcase><testcase classname="services.holographic-memory.core.tests.test_ecc_bounds" name="test_helper_verify_and_correct_rs_enforces_bounds" time="0.000"><skipped type="pytest.skip" message="GPU backend not available for ECC tests">/Users/smarthaus/Projects/GitHub/HolographicMemory/services/holographic-memory/core/tests/test_ecc_bounds.py:75: GPU backend not available for ECC tests</skipped></testcase></testsuite></testsuites>