<?xml version="1.0" encoding="utf-8"?><testsuites name="pytest tests"><testsuite name="pytest" errors="0" failures="0" skipped="0" tests="1" time="2.518" timestamp="2025-09-10T20:27:42.283241-04:00" hostname="Philips-Mac-Studio.local"><testcase classname="tests.unit.orchestrator.test_orchestrator_core" name="test_store_and_retrieve_roundtrip" time="0.218" /></testsuite></testsuites>