<?xml version="1.0" encoding="utf-8"?><testsuites name="pytest tests"><testsuite name="pytest" errors="0" failures="0" skipped="0" tests="1" time="4.242" timestamp="2025-09-10T20:31:37.709149-04:00" hostname="Philips-Mac-Studio.local"><testcase classname="tests.unit.orchestrator.test_failure_handling" name="test_vault_storage_path_on_secret" time="2.118" /></testsuite></testsuites>